PRT1
347
972
4 0 2 (2048 1024 -1515 ) (2048 1024 2582 ) (2048 1810 2582 ) (2048 1810 -1515 ) 
4 0 1 (2048 1024 2582 ) (2048 1024 -1515 ) (2559 1024 -1515 ) (2559 1024 2582 ) 
4 1 78 (2559 0 2582 ) (2048 0 2582 ) (2048 0 -1515 ) (2559 0 -1515 ) 
4 1 8 (2048 0 -1515 ) (2048 0 768 ) (2048 1024 768 ) (2048 1024 -1515 ) 
4 1 6 (2048 0 768 ) (2048 0 2582 ) (2048 1024 2582 ) (2048 1024 768 ) 
4 2 9 (1024 1024 0 ) (1024 1024 -1515 ) (1088 1024 -1515 ) (1088 1024 0 ) 
4 2 8 (2048 1024 -1515 ) (2048 1024 768 ) (1088 1024 768 ) (1088 1024 -1515 ) 
4 2 7 (1034 1024 2582 ) (1024 1024 2582 ) (1024 1024 832 ) (1034 1024 832 ) 
4 2 6 (2048 1024 768 ) (2048 1024 2582 ) (1034 1024 2582 ) (1034 1024 768 ) 
4 2 4 (1024 1024 768 ) (1024 1024 2582 ) (1024 1088 2582 ) (1024 1088 768 ) 
4 2 5 (1024 1088 -1515 ) (1024 1024 -1515 ) (1024 1024 0 ) (1024 1088 0 ) 
4 2 3 (1024 1810 -1515 ) (1024 1088 -1515 ) (1024 1088 2582 ) (1024 1810 2582 ) 
4 3 192 (0 1088 2582 ) (0 1810 2582 ) (0 1810 -1515 ) (0 1088 -1515 ) 
4 3 4 (1024 1088 768 ) (1024 1088 2582 ) (0 1088 2582 ) (0 1088 768 ) 
4 3 5 (0 1088 -1515 ) (1024 1088 -1515 ) (1024 1088 0 ) (0 1088 0 ) 
4 4 193 (0 1024 768 ) (0 1024 2582 ) (0 1088 2582 ) (0 1088 768 ) 
4 4 10 (0 1024 2582 ) (0 1024 832 ) (1024 1024 832 ) (1024 1024 2582 ) 
4 5 194 (0 1024 -1515 ) (0 1024 0 ) (0 1088 0 ) (0 1088 -1515 ) 
4 5 77 (0 1024 -64 ) (0 1024 -1515 ) (1024 1024 -1515 ) (1024 1024 -64 ) 
4 6 80 (2048 0 768 ) (2048 0 2582 ) (1034 0 2582 ) (1034 0 768 ) 
4 6 8 (2048 0 768 ) (1088 0 768 ) (1088 1024 768 ) (2048 1024 768 ) 
4 6 7 (1034 0 832 ) (1034 0 2582 ) (1034 1024 2582 ) (1034 1024 832 ) 
4 7 81 (1034 0 2582 ) (1024 0 2582 ) (1024 0 832 ) (1034 0 832 ) 
4 7 10 (1024 1024 2582 ) (1024 1024 832 ) (1024 0 832 ) (1024 0 2582 ) 
4 8 82 (2048 0 -1515 ) (2048 0 768 ) (1088 0 768 ) (1088 0 -1515 ) 
4 8 9 (1088 1024 -1515 ) (1088 0 -1515 ) (1088 0 0 ) (1088 1024 0 ) 
4 9 83 (1024 0 0 ) (1024 0 -1515 ) (1088 0 -1515 ) (1088 0 0 ) 
4 9 77 (1024 1024 -64 ) (1024 1024 -1515 ) (1024 0 -1515 ) (1024 0 -64 ) 
4 10 199 (0 0 832 ) (0 0 2582 ) (0 1024 2582 ) (0 1024 832 ) 
4 10 84 (1024 0 832 ) (1024 0 2582 ) (0 0 2582 ) (0 0 832 ) 
4 11 200 (0 0 162 ) (0 0 768 ) (0 1024 768 ) (0 1024 162 ) 
4 11 85 (1024 0 162 ) (1024 0 768 ) (0 0 768 ) (0 0 162 ) 
4 11 53 (0 510 162 ) (0 512 162 ) (38 512 162 ) (38 510 162 ) 
4 11 52 (38 512 162 ) (46 512 162 ) (46 510 162 ) (38 510 162 ) 
4 11 56 (46 0 162 ) (0 0 162 ) (0 510 162 ) (46 510 162 ) 
4 11 31 (48 0 162 ) (46 0 162 ) (46 512 162 ) (48 512 162 ) 
4 11 29 (54 178.968994 162 ) (54 512 162 ) (56 512 162 ) (56 178.968994 162 ) 
4 11 30 (56 0 162 ) (54 0 162 ) (54 172.968994 162 ) (56 172.968994 162 ) 
4 11 27 (106.717010 137.743988 162 ) (135 137.998993 162 ) (133.897949 95.253685 162 ) (105.614922 94.998802 162 ) 
4 11 26 (56 94.551682 162 ) (56 137.286728 162 ) (106.717010 137.743988 162 ) (105.614922 94.998802 162 ) 
4 11 25 (135 137.998993 162 ) (162.031006 138.242706 162 ) (162.031006 95.507217 162 ) (133.897949 95.253685 162 ) 
4 11 24 (162.031006 0 162 ) (56 0 162 ) (56 94.551682 162 ) (162.031006 95.507217 162 ) 
4 11 23 (56 137.286728 162 ) (56 172.968994 162 ) (162.031006 172.968994 162 ) (162.031006 138.242706 162 ) 
4 11 22 (284 0 162 ) (168.029663 0 162 ) (168.029663 172.968994 162 ) (284 172.968994 162 ) 
4 11 21 (56 178.968994 162 ) (56 512 162 ) (284 512 162 ) (284 178.968994 162 ) 
4 11 20 (1024 0 162 ) (290 0 162 ) (290 512 162 ) (1024 512 162 ) 
4 11 17 (0 518 162 ) (0 520 162 ) (38 520 162 ) (38 518 162 ) 
4 11 16 (1024 518 162 ) (1024 512 162 ) (290 512 162 ) (290 518 162 ) 
4 11 15 (38 520 162 ) (1024 520 162 ) (1024 518 162 ) (38 518 162 ) 
4 11 14 (0 520 162 ) (0 532 162 ) (48 532 162 ) (48 520 162 ) 
4 11 13 (0 532 162 ) (0 1024 162 ) (48 1024 162 ) (48 532 162 ) 
4 11 12 (48 1024 162 ) (1024 1024 162 ) (1024 520 162 ) (48 520 162 ) 
4 12 57 (48 1024 30 ) (1024 1024 30 ) (1024 520 30 ) (48 520 30 ) 
4 12 15 (48 520 30 ) (1024 520 30 ) (1024 520 162 ) (48 520 162 ) 
4 12 14 (48 520 32 ) (48 520 162 ) (48 532 162 ) (48 532 32 ) 
4 12 13 (48 1024 30 ) (48 532 30 ) (48 532 162 ) (48 1024 162 ) 
4 13 201 (0 532 162 ) (0 1024 162 ) (0 1024 30 ) (0 532 30 ) 
4 13 58 (0 532 30 ) (0 1024 30 ) (48 1024 30 ) (48 532 30 ) 
4 13 14 (48 532 32 ) (48 532 162 ) (0 532 162 ) (0 532 32 ) 
4 14 202 (0 520 162 ) (0 532 162 ) (0 532 32 ) (0 520 32 ) 
4 14 18 (0 520 140 ) (0 520 32 ) (34 520 32 ) (34 520 140 ) 
4 14 17 (38 520 162 ) (0 520 162 ) (0 520 144 ) (38 520 144 ) 
4 14 15 (48 520 32 ) (48 520 162 ) (38 520 162 ) (38 520 32 ) 
4 15 57 (48 520 30 ) (1024 520 30 ) (1024 518 30 ) (48 518 30 ) 
4 15 17 (38 520 162 ) (38 520 144 ) (38 518 144 ) (38 518 162 ) 
4 15 16 (290 518 30 ) (1024 518 30 ) (1024 518 162 ) (290 518 162 ) 
4 16 71 (1024 518 30 ) (1024 512 30 ) (290 512 30 ) (290 518 30 ) 
4 16 20 (290 512 30 ) (1024 512 30 ) (1024 512 162 ) (290 512 162 ) 
4 17 203 (0 518 162 ) (0 520 162 ) (0 520 144 ) (0 518 144 ) 
4 18 206 (0 520 140 ) (0 520 32 ) (0 518 32 ) (0 518 140 ) 
4 18 19 (0 518 32 ) (34 518 32 ) (34 518 140 ) (0 518 140 ) 
4 19 206 (0 518 32 ) (0 512 32 ) (0 512 140 ) (0 518 140 ) 
4 19 54 (34 512 140 ) (0 512 140 ) (0 512 32 ) (34 512 32 ) 
4 20 86 (1024 0 30 ) (1024 0 162 ) (290 0 162 ) (290 0 30 ) 
4 20 72 (1024 496 30 ) (1024 0 30 ) (290 0 30 ) (290 496 30 ) 
4 20 71 (290 512 30 ) (1024 512 30 ) (1024 496 30 ) (290 496 30 ) 
4 21 46 (56 296 30 ) (56 178.968994 30 ) (56 178.968994 32 ) (56 296 32 ) 
4 21 45 (56 512 32 ) (56 512 30 ) (56 352 30 ) (56 352 32 ) 
4 21 34 (56 348 32 ) (56 300 32 ) (56 300 140 ) (56 348 140 ) 
4 21 35 (56 296 32 ) (56 178.968994 32 ) (56 178.968994 144 ) (56 296 144 ) 
4 21 32 (56 512 144 ) (56 512 32 ) (56 352 32 ) (56 352 144 ) 
4 21 29 (56 512 162 ) (56 512 144 ) (56 178.968994 144 ) (56 178.968994 162 ) 
4 22 87 (284 0 162 ) (168.029663 0 162 ) (168.029663 0 30 ) (284 0 30 ) 
4 23 47 (56 172.968994 30 ) (56 137.286728 30 ) (56 137.286728 32 ) (56 172.968994 32 ) 
4 23 36 (56 137.286728 32 ) (56 137.286728 144 ) (56 172.968994 144 ) (56 172.968994 32 ) 
4 23 30 (56 137.286728 144 ) (56 137.286728 162 ) (56 172.968994 162 ) (56 172.968994 144 ) 
4 23 28 (106.717018 137.744034 30 ) (135 138 30 ) (135 138 31 ) (106.717018 137.744034 31 ) 
4 23 27 (135 138 31 ) (135 138 162 ) (106.717018 137.744034 162 ) (106.717018 137.744034 31 ) 
4 23 26 (56 137.286774 162 ) (56 137.286774 30 ) (106.717018 137.744034 30 ) (106.717018 137.744034 162 ) 
4 23 25 (135 138 30 ) (162.031006 138.242752 30 ) (162.031006 138.242752 162 ) (135 138 162 ) 
4 24 88 (162.031006 0 162 ) (56 0 162 ) (56 0 30 ) (162.031006 0 30 ) 
4 24 48 (56 75 30 ) (56 0 30 ) (56 0 32 ) (56 75 32 ) 
4 24 42 (56 0 32 ) (56 0 144 ) (56 75 144 ) (56 75 32 ) 
4 24 40 (56 94.551880 140 ) (56 94.552864 32 ) (56 79 32 ) (56 79 140 ) 
4 24 30 (56 0 144 ) (56 0 162 ) (56 94.551682 162 ) (56 94.551842 144 ) 
4 24 28 (133.897980 95.254860 30 ) (105.614952 95 30 ) (105.614952 95 31 ) (133.897980 95.254852 31 ) 
4 24 27 (105.614952 95 31 ) (105.614922 94.998787 162 ) (133.897949 95.253670 162 ) (133.897980 95.254852 31 ) 
4 24 26 (105.614952 95 30 ) (56 94.552849 30 ) (56 94.551659 162 ) (105.614922 94.998787 162 ) 
4 24 25 (162.031006 95.507202 162 ) (162.031006 95.508392 30 ) (133.897980 95.254860 30 ) (133.897949 95.253670 162 ) 
4 25 28 (135 138 31 ) (135 138 30 ) (133.898132 95.257545 30 ) (133.898132 95.257538 31 ) 
4 25 27 (135 138 162 ) (135 138 31 ) (133.898132 95.257538 31 ) (133.898102 95.256355 162 ) 
4 26 47 (56 137.286728 30 ) (56 131 30 ) (56 131 32 ) (56 137.286728 32 ) 
4 26 40 (56 94.552864 32 ) (56 94.551880 140 ) (56 127 140 ) (56 127 32 ) 
4 26 36 (56 131 144 ) (56 137.286728 144 ) (56 137.286728 32 ) (56 131 32 ) 
4 26 30 (56 94.551842 144 ) (56 94.551682 162 ) (56 137.286728 162 ) (56 137.286728 144 ) 
4 26 28 (105.614861 95.001671 31 ) (105.614861 95.001678 30 ) (106.716835 137.743088 30 ) (106.716835 137.743088 31 ) 
4 26 27 (105.614830 95 162 ) (105.614861 95.001671 31 ) (106.716835 137.743088 31 ) (106.716835 137.743088 162 ) 
4 27 28 (105.617310 94.996094 31 ) (106.719467 137.744019 31 ) (134.997314 138 31 ) (133.895386 95.257813 31 ) 
4 29 35 (56 296 144 ) (56 178.968994 144 ) (54 178.968994 144 ) (54 296 144 ) 
4 29 32 (54 512 144 ) (56 512 144 ) (56 352 144 ) (54 352 144 ) 
4 30 88 (56 0 162 ) (54 0 162 ) (54 0 144 ) (56 0 144 ) 
4 30 42 (56 75 144 ) (56 0 144 ) (54 0 144 ) (54 75 144 ) 
4 30 36 (56 172.968994 144 ) (56 131 144 ) (54 131 144 ) (54 172.968994 144 ) 
4 31 91 (48 0 162 ) (46 0 162 ) (46 0 144 ) (48 0 144 ) 
4 31 52 (46 512 162 ) (46 512 144 ) (46 510 144 ) (46 510 162 ) 
4 31 56 (46 510 144 ) (46 0 144 ) (46 0 162 ) (46 510 162 ) 
4 31 44 (46 0 144 ) (46 75 144 ) (48 75 144 ) (48 0 144 ) 
4 31 37 (46 131 144 ) (46 296 144 ) (48 296 144 ) (48 131 144 ) 
4 31 33 (46 352 144 ) (46 512 144 ) (48 512 144 ) (48 352 144 ) 
4 32 45 (54 512 32 ) (56 512 32 ) (56 352 32 ) (54 352 32 ) 
4 33 52 (46 512 144 ) (46 512 32 ) (46 510 32 ) (46 510 144 ) 
4 33 56 (46 510 32 ) (46 352 32 ) (46 352 144 ) (46 510 144 ) 
4 33 49 (46 352 32 ) (46 512 32 ) (48 512 32 ) (48 352 32 ) 
4 34 38 (54 348 140 ) (54 348 32 ) (54 300 32 ) (54 300 140 ) 
4 35 46 (56 296 32 ) (56 178.968994 32 ) (54 178.968994 32 ) (54 296 32 ) 
4 36 47 (56 172.968994 32 ) (56 131 32 ) (54 131 32 ) (54 172.968994 32 ) 
4 37 56 (46 131 140 ) (46 131 144 ) (46 296 144 ) (46 296 140 ) 
4 37 39 (48 131 140 ) (46 131 140 ) (46 296 140 ) (48 296 140 ) 
4 38 56 (46 348 32 ) (46 300 32 ) (46 300 140 ) (46 348 140 ) 
4 39 56 (46 296 32 ) (46 131 32 ) (46 131 140 ) (46 296 140 ) 
4 39 50 (46 131 32 ) (46 296 32 ) (48 296 32 ) (48 131 32 ) 
4 40 41 (54 79 32 ) (54 79 140 ) (54 127 140 ) (54 127 32 ) 
4 41 43 (48 127 32 ) (48 79 32 ) (48 79 140 ) (48 127 140 ) 
4 42 88 (54 0 32 ) (56 0 32 ) (56 0 144 ) (54 0 144 ) 
4 42 48 (56 75 32 ) (56 0 32 ) (54 0 32 ) (54 75 32 ) 
4 43 56 (46 127 32 ) (46 79 32 ) (46 79 140 ) (46 127 140 ) 
4 44 91 (46 0 144 ) (46 0 32 ) (48 0 32 ) (48 0 144 ) 
4 44 56 (46 75 32 ) (46 0 32 ) (46 0 144 ) (46 75 144 ) 
4 44 51 (46 0 32 ) (46 75 32 ) (48 75 32 ) (48 0 32 ) 
4 48 88 (54 0 30 ) (56 0 30 ) (56 0 32 ) (54 0 32 ) 
4 49 55 (46 512 32 ) (46 512 30 ) (46 510 30 ) (46 510 32 ) 
4 49 56 (46 510 30 ) (46 352 30 ) (46 352 32 ) (46 510 32 ) 
4 50 56 (46 296 30 ) (46 131 30 ) (46 131 32 ) (46 296 32 ) 
4 51 91 (46 0 32 ) (46 0 30 ) (48 0 30 ) (48 0 32 ) 
4 51 56 (46 75 30 ) (46 0 30 ) (46 0 32 ) (46 75 32 ) 
4 52 55 (46 510 32 ) (38 510 32 ) (38 512 32 ) (46 512 32 ) 
4 52 53 (38 512 162 ) (38 512 144 ) (38 510 144 ) (38 510 162 ) 
4 52 56 (46 510 32 ) (46 510 162 ) (38 510 162 ) (38 510 32 ) 
4 53 204 (0 510 162 ) (0 512 162 ) (0 512 144 ) (0 510 144 ) 
4 53 56 (38 510 162 ) (0 510 162 ) (0 510 144 ) (38 510 144 ) 
4 54 208 (0 512 140 ) (0 512 32 ) (0 510 32 ) (0 510 140 ) 
4 54 56 (0 510 140 ) (0 510 32 ) (34 510 32 ) (34 510 140 ) 
4 55 56 (38 510 30 ) (46 510 30 ) (46 510 32 ) (38 510 32 ) 
4 56 212 (0 0 30 ) (0 0 162 ) (0 510 162 ) (0 510 30 ) 
4 56 91 (46 0 162 ) (0 0 162 ) (0 0 30 ) (46 0 30 ) 
4 57 71 (290 518 0 ) (1024 518 0 ) (1024 518 30 ) (290 518 30 ) 
4 57 69 (48 1024 0 ) (48 567 0 ) (48 567 6 ) (48 1024 6 ) 
4 57 70 (48 554 0 ) (48 518 0 ) (48 518 6 ) (48 554 6 ) 
4 57 67 (48 568 8 ) (48 1024 8 ) (48 1024 6 ) (48 568 6 ) 
4 57 68 (48 518 6 ) (48 518 8 ) (48 554 8 ) (48 554 6 ) 
4 57 65 (48 555 14 ) (48 1024 14 ) (48 1024 8 ) (48 555 8 ) 
4 57 66 (48 518 8 ) (48 518 14 ) (48 542 14 ) (48 542 8 ) 
4 57 63 (48 556 16 ) (48 1024 16 ) (48 1024 14 ) (48 556 14 ) 
4 57 64 (48 518 14 ) (48 518 16 ) (48 542 16 ) (48 542 14 ) 
4 57 61 (48 543 22 ) (48 1024 22 ) (48 1024 16 ) (48 543 16 ) 
4 57 62 (48 518 16 ) (48 518 22 ) (48 530 22 ) (48 530 16 ) 
4 57 59 (48 544 24 ) (48 1024 24 ) (48 1024 22 ) (48 544 22 ) 
4 57 60 (48 518 22 ) (48 518 24 ) (48 530 24 ) (48 530 22 ) 
4 57 58 (48 531 30 ) (48 1024 30 ) (48 1024 24 ) (48 531 24 ) 
4 58 258 (0 531 30 ) (0 1024 30 ) (0 1024 24 ) (0 531 24 ) 
4 58 59 (48 1024 24 ) (48 544 24 ) (0 544 24 ) (0 1024 24 ) 
4 59 259 (0 1024 24 ) (0 1024 22 ) (0 544 22 ) (0 544 24 ) 
4 59 61 (0 1024 22 ) (48 1024 22 ) (48 544 22 ) (0 544 22 ) 
4 60 260 (0 530 22 ) (0 518 22 ) (0 518 24 ) (0 530 24 ) 
4 60 62 (48 530 22 ) (48 518 22 ) (0 518 22 ) (0 530 22 ) 
4 61 261 (0 1024 22 ) (0 1024 16 ) (0 543 16 ) (0 543 22 ) 
4 61 63 (48 1024 16 ) (48 556 16 ) (0 556 16 ) (0 1024 16 ) 
4 62 262 (0 530 16 ) (0 518 16 ) (0 518 22 ) (0 530 22 ) 
4 62 64 (48 530 16 ) (48 518 16 ) (0 518 16 ) (0 530 16 ) 
4 63 263 (0 1024 16 ) (0 1024 14 ) (0 556 14 ) (0 556 16 ) 
4 63 65 (48 1024 14 ) (48 556 14 ) (0 556 14 ) (0 1024 14 ) 
4 64 264 (0 542 14 ) (0 518 14 ) (0 518 16 ) (0 542 16 ) 
4 64 66 (48 542 14 ) (48 518 14 ) (0 518 14 ) (0 542 14 ) 
4 65 265 (0 1024 14 ) (0 1024 8 ) (0 555 8 ) (0 555 14 ) 
4 65 67 (0 1024 8 ) (48 1024 8 ) (48 568 8 ) (0 568 8 ) 
4 66 266 (0 542 8 ) (0 518 8 ) (0 518 14 ) (0 542 14 ) 
4 66 68 (48 542 8 ) (48 518 8 ) (0 518 8 ) (0 542 8 ) 
4 67 267 (0 1024 8 ) (0 1024 6 ) (0 568 6 ) (0 568 8 ) 
4 67 69 (48 1024 6 ) (48 568 6 ) (0 568 6 ) (0 1024 6 ) 
4 68 268 (0 554 6 ) (0 518 6 ) (0 518 8 ) (0 554 8 ) 
4 68 70 (48 554 6 ) (48 518 6 ) (0 518 6 ) (0 554 6 ) 
4 69 269 (0 1024 6 ) (0 1024 0 ) (0 567 0 ) (0 567 6 ) 
4 70 270 (0 554 0 ) (0 518 0 ) (0 518 6 ) (0 554 6 ) 
4 71 72 (290 496 0 ) (1024 496 0 ) (1024 496 30 ) (290 496 30 ) 
4 72 109 (1024 0 0 ) (1024 0 24 ) (290 0 24 ) (290 0 0 ) 
4 72 107 (1024 0 24 ) (1024 0 30 ) (290 0 30 ) (290 0 24 ) 
4 73 113 (248 0 22 ) (248 0 0 ) (249 0 0 ) (249 0 22 ) 
4 73 111 (248 0 24 ) (248 0 22 ) (249 0 22 ) (249 0 24 ) 
4 73 110 (249 0 0 ) (272 0 0 ) (272 0 24 ) (249 0 24 ) 
4 73 76 (257 0 0 ) (248 0 0 ) (248 453 0 ) (257 453 0 ) 
4 73 74 (248 496 24 ) (248 496 0 ) (248 0 0 ) (248 0 24 ) 
4 74 113 (208 0 22 ) (208 0 0 ) (248 0 0 ) (248 0 22 ) 
4 74 111 (208 0 24 ) (208 0 22 ) (248 0 22 ) (248 0 24 ) 
4 74 76 (248 0 0 ) (208 0 0 ) (208 453 0 ) (248 453 0 ) 
4 74 75 (208 496 24 ) (208 496 0 ) (208 0 0 ) (208 0 24 ) 
4 75 271 (0 0 0 ) (0 0 24 ) (0 496 24 ) (0 496 0 ) 
4 75 113 (207 0 0 ) (208 0 0 ) (208 0 22 ) (207 0 22 ) 
4 75 122 (0 0 22 ) (0 0 0 ) (207 0 0 ) (207 0 22 ) 
4 75 111 (207 0 22 ) (208 0 22 ) (208 0 24 ) (207 0 24 ) 
4 75 112 (0 0 24 ) (0 0 22 ) (207 0 22 ) (207 0 24 ) 
4 75 76 (208 0 0 ) (0 0 0 ) (0 453 0 ) (208 453 0 ) 
4 76 276 (0 0 -64 ) (0 0 0 ) (0 453 0 ) (0 453 -64 ) 
4 76 185 (207 0 0 ) (0 0 0 ) (0 0 -64 ) (207 0 -64 ) 
4 76 162 (207 0 -36 ) (207 0 -64 ) (249 0 -64 ) (249 0 -36 ) 
4 76 142 (249 0 0 ) (207 0 0 ) (207 0 -36 ) (249 0 -36 ) 
4 76 140 (257 0 0 ) (249 0 0 ) (249 0 -64 ) (257 0 -64 ) 
4 76 77 (0 0 -64 ) (0 453 -64 ) (257 453 -64 ) (257 0 -64 ) 
4 77 277 (0 0 -1515 ) (0 0 -64 ) (0 1024 -64 ) (0 1024 -1515 ) 
4 77 186 (207 0 -64 ) (0 0 -64 ) (0 0 -1515 ) (207 0 -1515 ) 
4 77 184 (207 0 -72 ) (207 0 -1515 ) (249 0 -1515 ) (249 0 -72 ) 
4 77 162 (249 0 -64 ) (207 0 -64 ) (207 0 -72 ) (249 0 -72 ) 
4 77 141 (1024 0 -1515 ) (1024 0 -64 ) (249 0 -64 ) (249 0 -1515 ) 
4 78 82 (2048 -1024 -1515 ) (2048 -1024 768 ) (2048 0 768 ) (2048 0 -1515 ) 
4 78 80 (2048 -1024 768 ) (2048 -1024 2582 ) (2048 0 2582 ) (2048 0 768 ) 
4 78 79 (2559 -1024 2582 ) (2048 -1024 2582 ) (2048 -1024 -1515 ) (2559 -1024 -1515 ) 
4 79 189 (2559 -2048 2582 ) (2048 -2048 2582 ) (2048 -2048 -1515 ) (2559 -2048 -1515 ) 
4 79 187 (2048 -2048 -1515 ) (2048 -2048 2582 ) (2048 -1024 2582 ) (2048 -1024 -1515 ) 
4 80 187 (2048 -1024 768 ) (2048 -1024 2582 ) (1034 -1024 2582 ) (1034 -1024 768 ) 
4 80 82 (2048 -1024 768 ) (1088 -1024 768 ) (1088 0 768 ) (2048 0 768 ) 
4 80 81 (1034 -1024 832 ) (1034 -1024 2582 ) (1034 0 2582 ) (1034 0 832 ) 
4 81 187 (1034 -1024 2582 ) (1024 -1024 2582 ) (1024 -1024 832 ) (1034 -1024 832 ) 
4 81 84 (1024 -1024 832 ) (1024 -1024 2582 ) (1024 0 2582 ) (1024 0 832 ) 
4 82 187 (2048 -1024 -1515 ) (2048 -1024 768 ) (1088 -1024 768 ) (1088 -1024 -1515 ) 
4 82 83 (1088 0 -1515 ) (1088 -1024 -1515 ) (1088 -1024 0 ) (1088 0 0 ) 
4 83 187 (1024 -1024 0 ) (1024 -1024 -1515 ) (1088 -1024 -1515 ) (1088 -1024 0 ) 
4 83 141 (1024 -1024 -1515 ) (1024 -1024 -64 ) (1024 0 -64 ) (1024 0 -1515 ) 
4 84 286 (0 -1024 832 ) (0 -1024 2582 ) (0 0 2582 ) (0 0 832 ) 
4 84 188 (0 -1024 2582 ) (0 -1024 832 ) (1024 -1024 832 ) (1024 -1024 2582 ) 
4 85 287 (0 -1024 162 ) (0 -1024 768 ) (0 0 768 ) (0 0 162 ) 
4 85 188 (0 -1024 768 ) (0 -1024 162 ) (1024 -1024 162 ) (1024 -1024 768 ) 
4 85 105 (0 -334 162 ) (0 -322 162 ) (50 -322 162 ) (50 -334 162 ) 
4 85 106 (50 -1024 162 ) (0 -1024 162 ) (0 -334 162 ) (50 -334 162 ) 
4 85 104 (290 -1024 162 ) (50 -1024 162 ) (50 -322 162 ) (290 -322 162 ) 
4 85 103 (0 -322 162 ) (0 -258 162 ) (236 -258 162 ) (236 -322 162 ) 
4 85 102 (236 -258 162 ) (290 -258 162 ) (290 -322 162 ) (236 -322 162 ) 
4 85 96 (0 -258 162 ) (0 -256 162 ) (290 -256 162 ) (290 -258 162 ) 
4 85 94 (0 -250 162 ) (0 -248 162 ) (34 -248 162 ) (34 -250 162 ) 
4 85 93 (34 -248 162 ) (38 -248 162 ) (38 -250 162 ) (34 -250 162 ) 
4 85 92 (38 -248 162 ) (284 -248 162 ) (284 -250 162 ) (38 -250 162 ) 
4 85 90 (54 -7 162 ) (54 -248 162 ) (48 -248 162 ) (48 -7 162 ) 
4 85 91 (0 -248 162 ) (0 0 162 ) (48 0 162 ) (48 -248 162 ) 
4 85 88 (54 0 162 ) (162.031006 0 162 ) (162.031006 -0.968506 162 ) (54 -0.968506 162 ) 
4 85 89 (168.029663 -6.968511 162 ) (168.029663 -248 162 ) (54 -248 162 ) (54 -6.968511 162 ) 
4 85 87 (168.029663 0 162 ) (284 0 162 ) (284 -248 162 ) (168.029663 -248 162 ) 
4 85 86 (1024 -1024 162 ) (290 -1024 162 ) (290 0 162 ) (1024 0 162 ) 
4 86 188 (290 -1024 30 ) (1024 -1024 30 ) (1024 -1024 162 ) (290 -1024 162 ) 
4 86 125 (1024 -256 30 ) (1024 -1024 30 ) (290 -1024 30 ) (290 -256 30 ) 
4 86 124 (1024 -240 30 ) (1024 -256 30 ) (290 -256 30 ) (290 -240 30 ) 
4 86 107 (290 0 30 ) (1024 0 30 ) (1024 -240 30 ) (290 -240 30 ) 
4 86 104 (290 -322 30 ) (290 -1024 30 ) (290 -1024 162 ) (290 -322 162 ) 
4 86 102 (290 -258 30 ) (290 -322 30 ) (290 -322 162 ) (290 -258 162 ) 
4 86 101 (290 -256 30 ) (290 -258 30 ) (290 -258 32 ) (290 -256 32 ) 
4 86 98 (290 -258 32 ) (290 -258 140 ) (290 -256 140 ) (290 -256 32 ) 
4 86 97 (290 -258 140 ) (290 -258 144 ) (290 -256 144 ) (290 -256 140 ) 
4 86 96 (290 -258 144 ) (290 -258 162 ) (290 -256 162 ) (290 -256 144 ) 
4 87 108 (248 -16 30 ) (248 -96 30 ) (208 -96 30 ) (208 -16 30 ) 
4 87 100 (168.029663 -248 30 ) (284 -248 30 ) (284 -248 32 ) (168.029663 -248 32 ) 
4 87 92 (284 -248 32 ) (284 -248 162 ) (168.029663 -248 162 ) (168.029663 -248 32 ) 
4 87 89 (168.029663 -6.968511 30 ) (168.029663 -248 30 ) (168.029663 -248 162 ) (168.029663 -6.968511 162 ) 
4 89 100 (54 -248 30 ) (168.029663 -248 30 ) (168.029663 -248 32 ) (54 -248 32 ) 
4 89 92 (168.029663 -248 32 ) (168.029663 -248 162 ) (54 -248 162 ) (54 -248 32 ) 
4 89 90 (54 -6.968511 30 ) (54 -248 30 ) (54 -248 162 ) (54 -6.968511 162 ) 
4 90 100 (48 -248 30 ) (54 -248 30 ) (54 -248 32 ) (48 -248 32 ) 
4 90 92 (54 -248 32 ) (54 -248 162 ) (48 -248 162 ) (48 -248 32 ) 
4 90 91 (48 -7 30 ) (48 -248 30 ) (48 -248 162 ) (48 -7 162 ) 
4 91 288 (0 -248 162 ) (0 0 162 ) (0 0 30 ) (0 -248 30 ) 
4 91 100 (38 -248 30 ) (48 -248 30 ) (48 -248 32 ) (38 -248 32 ) 
4 91 94 (34 -248 162 ) (0 -248 162 ) (0 -248 144 ) (34 -248 144 ) 
4 91 95 (0 -248 140 ) (0 -248 33 ) (34 -248 33 ) (34 -248 140 ) 
4 91 93 (38 -248 162 ) (34 -248 162 ) (34 -248 144 ) (38 -248 144 ) 
4 91 92 (48 -248 32 ) (48 -248 162 ) (38 -248 162 ) (38 -248 32 ) 
4 92 100 (38 -248 32 ) (284 -248 32 ) (284 -250 32 ) (38 -250 32 ) 
4 92 93 (38 -248 162 ) (38 -248 144 ) (38 -250 144 ) (38 -250 162 ) 
4 93 94 (34 -248 162 ) (34 -248 144 ) (34 -250 144 ) (34 -250 162 ) 
4 94 297 (0 -250 162 ) (0 -248 162 ) (0 -248 144 ) (0 -250 144 ) 
4 95 298 (0 -248 140 ) (0 -248 33 ) (0 -250 33 ) (0 -250 140 ) 
4 95 99 (34 -250 33 ) (34 -250 140 ) (0 -250 140 ) (0 -250 33 ) 
4 96 301 (0 -258 162 ) (0 -256 162 ) (0 -256 144 ) (0 -258 144 ) 
4 96 103 (236 -258 162 ) (0 -258 162 ) (0 -258 144 ) (236 -258 144 ) 
4 96 102 (290 -258 144 ) (290 -258 162 ) (236 -258 162 ) (236 -258 144 ) 
4 96 97 (290 -258 144 ) (38 -258 144 ) (38 -256 144 ) (290 -256 144 ) 
4 97 103 (236 -258 144 ) (38 -258 144 ) (38 -258 140 ) (236 -258 140 ) 
4 97 102 (290 -258 140 ) (290 -258 144 ) (236 -258 144 ) (236 -258 140 ) 
4 97 98 (290 -258 140 ) (38 -258 140 ) (38 -256 140 ) (290 -256 140 ) 
4 98 103 (236 -258 140 ) (38 -258 140 ) (38 -258 32 ) (236 -258 32 ) 
4 98 102 (290 -258 32 ) (290 -258 140 ) (236 -258 140 ) (236 -258 32 ) 
4 98 101 (290 -258 32 ) (236 -258 32 ) (236 -256 32 ) (290 -256 32 ) 
4 99 303 (0 -250 140 ) (0 -250 33 ) (0 -258 33 ) (0 -258 140 ) 
4 99 103 (34 -258 140 ) (0 -258 140 ) (0 -258 33 ) (34 -258 33 ) 
4 101 125 (290 -256 30 ) (290 -258 30 ) (236 -258 30 ) (236 -256 30 ) 
4 101 102 (236 -258 30 ) (290 -258 30 ) (290 -258 32 ) (236 -258 32 ) 
4 102 125 (290 -258 30 ) (290 -322 30 ) (236 -322 30 ) (236 -258 30 ) 
4 102 104 (236 -322 30 ) (290 -322 30 ) (290 -322 162 ) (236 -322 162 ) 
4 102 103 (236 -258 162 ) (236 -258 32 ) (236 -322 32 ) (236 -322 162 ) 
4 103 307 (0 -322 162 ) (0 -258 162 ) (0 -258 32 ) (0 -322 32 ) 
4 103 105 (50 -322 162 ) (0 -322 162 ) (0 -322 32 ) (50 -322 32 ) 
4 103 104 (236 -322 32 ) (236 -322 162 ) (50 -322 162 ) (50 -322 32 ) 
4 104 188 (50 -1024 30 ) (290 -1024 30 ) (290 -1024 162 ) (50 -1024 162 ) 
4 104 126 (234 -1024 30 ) (50 -1024 30 ) (50 -322 30 ) (234 -322 30 ) 
4 104 125 (290 -322 30 ) (290 -1024 30 ) (234 -1024 30 ) (234 -322 30 ) 
4 104 105 (50 -322 162 ) (50 -322 32 ) (50 -334 32 ) (50 -334 162 ) 
4 104 106 (50 -334 30 ) (50 -1024 30 ) (50 -1024 162 ) (50 -334 162 ) 
4 105 309 (0 -334 162 ) (0 -322 162 ) (0 -322 32 ) (0 -334 32 ) 
4 105 106 (50 -334 32 ) (50 -334 162 ) (0 -334 162 ) (0 -334 32 ) 
4 106 310 (0 -1024 30 ) (0 -1024 162 ) (0 -334 162 ) (0 -334 30 ) 
4 106 188 (0 -1024 162 ) (0 -1024 30 ) (50 -1024 30 ) (50 -1024 162 ) 
4 106 127 (50 -1024 30 ) (0 -1024 30 ) (0 -334 30 ) (50 -334 30 ) 
4 107 124 (1024 -240 24 ) (1024 -240 30 ) (290 -240 30 ) (290 -240 24 ) 
4 107 109 (1024 -240 24 ) (290 -240 24 ) (290 0 24 ) (1024 0 24 ) 
4 108 111 (208 -86 24 ) (208 -16 24 ) (248 -16 24 ) (248 -86 24 ) 
4 109 124 (290 -240 0 ) (1024 -240 0 ) (1024 -240 24 ) (290 -240 24 ) 
4 110 140 (249 0 0 ) (257 0 0 ) (257 -224 0 ) (249 -224 0 ) 
4 110 117 (249 -88 0 ) (249 -98 0 ) (249 -98 22 ) (249 -88 22 ) 
4 110 115 (249 -76 0 ) (249 -88 0 ) (249 -88 10 ) (249 -76 10 ) 
4 110 114 (249 -88 12 ) (249 -88 22 ) (249 -76 22 ) (249 -76 12 ) 
4 110 113 (249 0 0 ) (249 -76 0 ) (249 -76 22 ) (249 0 22 ) 
4 110 111 (249 -86 24 ) (249 0 24 ) (249 0 22 ) (249 -86 22 ) 
4 110 123 (249 -98 0 ) (249 -240 0 ) (249 -240 24 ) (249 -98 24 ) 
4 111 119 (207 -86 22 ) (207 -76 22 ) (208 -76 22 ) (208 -86 22 ) 
4 111 114 (208 -76 22 ) (249 -76 22 ) (249 -86 22 ) (208 -86 22 ) 
4 111 113 (207 -76 22 ) (207 0 22 ) (249 0 22 ) (249 -76 22 ) 
4 111 112 (207 0 22 ) (207 -86 22 ) (207 -86 24 ) (207 0 24 ) 
4 112 313 (0 0 24 ) (0 0 22 ) (0 -98 22 ) (0 -98 24 ) 
4 112 122 (207 -98 22 ) (0 -98 22 ) (0 0 22 ) (207 0 22 ) 
4 112 123 (207 -98 24 ) (0 -98 24 ) (0 -98 22 ) (207 -98 22 ) 
4 113 144 (249 -56 0 ) (249 -66 0 ) (207 -66 0 ) (207 -56 0 ) 
4 113 143 (249 -46 0 ) (249 -56 0 ) (207 -56 0 ) (207 -46 0 ) 
4 113 142 (207 0 0 ) (249 0 0 ) (249 -46 0 ) (207 -46 0 ) 
4 113 119 (207 -76 22 ) (207 -76 12 ) (208 -76 12 ) (208 -76 22 ) 
4 113 120 (207 -76 10 ) (207 -76 0 ) (208 -76 0 ) (208 -76 10 ) 
4 113 116 (208 -76 0 ) (248 -76 0 ) (248 -76 10 ) (208 -76 10 ) 
4 113 115 (248 -76 0 ) (249 -76 0 ) (249 -76 10 ) (248 -76 10 ) 
4 113 114 (249 -76 12 ) (249 -76 22 ) (208 -76 22 ) (208 -76 12 ) 
4 113 122 (207 0 0 ) (207 -76 0 ) (207 -76 22 ) (207 0 22 ) 
4 114 119 (208 -76 22 ) (208 -76 12 ) (208 -88 12 ) (208 -88 22 ) 
4 114 117 (248 -88 12 ) (249 -88 12 ) (249 -88 22 ) (248 -88 22 ) 
4 115 145 (249 -78 0 ) (249 -88 0 ) (248 -88 0 ) (248 -78 0 ) 
4 115 117 (248 -88 0 ) (249 -88 0 ) (249 -88 10 ) (248 -88 10 ) 
4 115 116 (248 -78 10 ) (248 -76 10 ) (248 -76 0 ) (248 -78 0 ) 
4 116 120 (208 -76 10 ) (208 -76 0 ) (208 -78 0 ) (208 -78 10 ) 
4 117 145 (249 -88 0 ) (249 -98 0 ) (248 -98 0 ) (248 -88 0 ) 
3 117 118 (248 -88 12 ) (248 -88 10.250005 ) (248 -89.489357 12 ) 
4 117 123 (248 -98 0 ) (249 -98 0 ) (249 -98 22 ) (248 -98 22 ) 
3 118 121 (208 -88 12 ) (208 -88 10.250005 ) (208 -89.489357 12 ) 
4 119 122 (207 -88 12 ) (207 -88 22 ) (207 -76 22 ) (207 -76 12 ) 
4 119 121 (207 -88 22 ) (207 -88 12 ) (208 -88 12 ) (208 -88 22 ) 
4 120 150 (207 -88 0 ) (207 -78 0 ) (208 -78 0 ) (208 -88 0 ) 
4 120 121 (207 -88 10 ) (207 -88 0 ) (208 -88 0 ) (208 -88 10 ) 
4 120 122 (207 -76 0 ) (207 -88 0 ) (207 -88 10 ) (207 -76 10 ) 
4 121 150 (208 -98 0 ) (207 -98 0 ) (207 -88 0 ) (208 -88 0 ) 
4 121 122 (207 -88 0 ) (207 -98 0 ) (207 -98 22 ) (207 -88 22 ) 
4 121 123 (207 -98 0 ) (208 -98 0 ) (208 -98 22 ) (207 -98 22 ) 
4 122 313 (0 0 22 ) (0 0 0 ) (0 -98 0 ) (0 -98 22 ) 
4 122 185 (0 -98 0 ) (0 0 0 ) (207 0 0 ) (207 -98 0 ) 
4 122 123 (0 -98 0 ) (207 -98 0 ) (207 -98 22 ) (0 -98 22 ) 
4 123 313 (0 -98 0 ) (0 -240 0 ) (0 -240 24 ) (0 -98 24 ) 
4 123 185 (0 -224 0 ) (0 -98 0 ) (207 -98 0 ) (207 -224 0 ) 
4 123 182 (207 -98 0 ) (249 -98 0 ) (249 -224 0 ) (207 -224 0 ) 
4 124 125 (290 -256 0 ) (1024 -256 0 ) (1024 -256 30 ) (290 -256 30 ) 
4 125 188 (234 -1024 0 ) (1024 -1024 0 ) (1024 -1024 30 ) (234 -1024 30 ) 
4 125 126 (234 -320 0 ) (234 -1024 0 ) (234 -1024 30 ) (234 -320 30 ) 
4 126 188 (50 -1024 0 ) (234 -1024 0 ) (234 -1024 30 ) (50 -1024 30 ) 
4 126 138 (50 -320 0 ) (50 -356 0 ) (50 -356 6 ) (50 -320 6 ) 
4 126 139 (50 -369 0 ) (50 -1024 0 ) (50 -1024 6 ) (50 -369 6 ) 
4 126 136 (50 -356 8 ) (50 -320 8 ) (50 -320 6 ) (50 -356 6 ) 
4 126 137 (50 -1024 6 ) (50 -1024 8 ) (50 -370 8 ) (50 -370 6 ) 
4 126 134 (50 -344 14 ) (50 -320 14 ) (50 -320 8 ) (50 -344 8 ) 
4 126 135 (50 -1024 8 ) (50 -1024 14 ) (50 -357 14 ) (50 -357 8 ) 
4 126 132 (50 -344 16 ) (50 -320 16 ) (50 -320 14 ) (50 -344 14 ) 
4 126 133 (50 -1024 14 ) (50 -1024 16 ) (50 -358 16 ) (50 -358 14 ) 
4 126 130 (50 -332 22 ) (50 -320 22 ) (50 -320 16 ) (50 -332 16 ) 
4 126 131 (50 -1024 16 ) (50 -1024 22 ) (50 -345 22 ) (50 -345 16 ) 
4 126 128 (50 -332 24 ) (50 -320 24 ) (50 -320 22 ) (50 -332 22 ) 
4 126 129 (50 -1024 22 ) (50 -1024 24 ) (50 -346 24 ) (50 -346 22 ) 
4 126 127 (50 -1024 24 ) (50 -1024 30 ) (50 -333 30 ) (50 -333 24 ) 
4 127 314 (0 -1024 24 ) (0 -1024 30 ) (0 -333 30 ) (0 -333 24 ) 
4 127 188 (0 -1024 30 ) (0 -1024 24 ) (50 -1024 24 ) (50 -1024 30 ) 
4 127 129 (0 -1024 24 ) (0 -346 24 ) (50 -346 24 ) (50 -1024 24 ) 
4 128 315 (0 -332 24 ) (0 -320 24 ) (0 -320 22 ) (0 -332 22 ) 
4 128 130 (0 -320 22 ) (50 -320 22 ) (50 -332 22 ) (0 -332 22 ) 
4 129 316 (0 -1024 22 ) (0 -1024 24 ) (0 -346 24 ) (0 -346 22 ) 
4 129 188 (0 -1024 24 ) (0 -1024 22 ) (50 -1024 22 ) (50 -1024 24 ) 
4 129 131 (50 -346 22 ) (50 -1024 22 ) (0 -1024 22 ) (0 -346 22 ) 
4 130 317 (0 -332 22 ) (0 -320 22 ) (0 -320 16 ) (0 -332 16 ) 
4 130 132 (0 -332 16 ) (0 -320 16 ) (50 -320 16 ) (50 -332 16 ) 
4 131 318 (0 -1024 16 ) (0 -1024 22 ) (0 -345 22 ) (0 -345 16 ) 
4 131 188 (0 -1024 22 ) (0 -1024 16 ) (50 -1024 16 ) (50 -1024 22 ) 
4 131 133 (0 -1024 16 ) (0 -358 16 ) (50 -358 16 ) (50 -1024 16 ) 
4 132 319 (0 -344 16 ) (0 -320 16 ) (0 -320 14 ) (0 -344 14 ) 
4 132 134 (0 -344 14 ) (0 -320 14 ) (50 -320 14 ) (50 -344 14 ) 
4 133 320 (0 -1024 14 ) (0 -1024 16 ) (0 -358 16 ) (0 -358 14 ) 
4 133 188 (0 -1024 16 ) (0 -1024 14 ) (50 -1024 14 ) (50 -1024 16 ) 
4 133 135 (0 -1024 14 ) (0 -358 14 ) (50 -358 14 ) (50 -1024 14 ) 
4 134 321 (0 -344 14 ) (0 -320 14 ) (0 -320 8 ) (0 -344 8 ) 
4 134 136 (0 -320 8 ) (50 -320 8 ) (50 -344 8 ) (0 -344 8 ) 
4 135 322 (0 -1024 8 ) (0 -1024 14 ) (0 -357 14 ) (0 -357 8 ) 
4 135 188 (0 -1024 14 ) (0 -1024 8 ) (50 -1024 8 ) (50 -1024 14 ) 
4 135 137 (50 -370 8 ) (50 -1024 8 ) (0 -1024 8 ) (0 -370 8 ) 
4 136 323 (0 -356 8 ) (0 -320 8 ) (0 -320 6 ) (0 -356 6 ) 
4 136 138 (0 -356 6 ) (0 -320 6 ) (50 -320 6 ) (50 -356 6 ) 
4 137 324 (0 -1024 6 ) (0 -1024 8 ) (0 -370 8 ) (0 -370 6 ) 
4 137 188 (0 -1024 8 ) (0 -1024 6 ) (50 -1024 6 ) (50 -1024 8 ) 
4 137 139 (0 -1024 6 ) (0 -370 6 ) (50 -370 6 ) (50 -1024 6 ) 
4 138 325 (0 -356 6 ) (0 -320 6 ) (0 -320 0 ) (0 -356 0 ) 
4 139 326 (0 -1024 0 ) (0 -1024 6 ) (0 -369 6 ) (0 -369 0 ) 
4 139 188 (0 -1024 6 ) (0 -1024 0 ) (50 -1024 0 ) (50 -1024 6 ) 
4 140 182 (249 -224 0 ) (249 -98 0 ) (249 -98 -64 ) (249 -224 -64 ) 
4 140 177 (249 -28 -64 ) (249 -98 -64 ) (249 -98 -50 ) (249 -28 -50 ) 
4 140 175 (249 -16 -64 ) (249 -28 -64 ) (249 -28 -62 ) (249 -16 -62 ) 
4 140 174 (249 -28 -60 ) (249 -28 -50 ) (249 -16 -50 ) (249 -16 -60 ) 
4 140 171 (249 -98 -50 ) (249 -98 -48 ) (249 -38 -48 ) (249 -38 -50 ) 
4 140 167 (249 -98 -48 ) (249 -98 -38 ) (249 -36 -38 ) (249 -36 -48 ) 
4 140 165 (249 -98 -38 ) (249 -98 -36 ) (249 -48 -36 ) (249 -48 -38 ) 
4 140 164 (249 -36 -36 ) (249 -26 -36 ) (249 -26 -48 ) (249 -36 -48 ) 
4 140 163 (249 -26 -36 ) (249 -16 -36 ) (249 -16 -50 ) (249 -26 -50 ) 
4 140 162 (249 0 -36 ) (249 0 -64 ) (249 -16 -64 ) (249 -16 -36 ) 
4 140 157 (249 -58 -36 ) (249 -98 -36 ) (249 -98 -14 ) (249 -58 -14 ) 
4 140 155 (249 -46 -26 ) (249 -46 -36 ) (249 -58 -36 ) (249 -58 -26 ) 
4 140 154 (249 -46 -14 ) (249 -46 -24 ) (249 -58 -24 ) (249 -58 -14 ) 
4 140 151 (249 -68 -14 ) (249 -98 -14 ) (249 -98 -12 ) (249 -68 -12 ) 
4 140 147 (249 -66 -2 ) (249 -66 -12 ) (249 -98 -12 ) (249 -98 -2 ) 
4 140 145 (249 -98 0 ) (249 -78 0 ) (249 -78 -2 ) (249 -98 -2 ) 
4 140 144 (249 -66 0 ) (249 -56 0 ) (249 -56 -12 ) (249 -66 -12 ) 
4 140 143 (249 -56 0 ) (249 -46 0 ) (249 -46 -14 ) (249 -56 -14 ) 
4 140 142 (249 -46 0 ) (249 0 0 ) (249 0 -36 ) (249 -46 -36 ) 
4 140 141 (249 -224 -64 ) (249 0 -64 ) (257 0 -64 ) (257 -224 -64 ) 
4 141 188 (1024 -1024 -1515 ) (1024 -1024 -64 ) (249 -1024 -64 ) (249 -1024 -1515 ) 
4 141 184 (249 -1024 -1515 ) (249 -1024 -72 ) (249 0 -72 ) (249 0 -1515 ) 
4 141 183 (249 -1024 -72 ) (249 -1024 -64 ) (249 -224 -64 ) (249 -224 -72 ) 
4 141 182 (249 -224 -64 ) (249 -98 -64 ) (249 -98 -72 ) (249 -224 -72 ) 
4 141 177 (249 -98 -64 ) (249 -28 -64 ) (249 -28 -72 ) (249 -98 -72 ) 
4 141 175 (249 -28 -64 ) (249 -16 -64 ) (249 -16 -72 ) (249 -28 -72 ) 
4 141 162 (249 -16 -64 ) (249 0 -64 ) (249 0 -72 ) (249 -16 -72 ) 
4 142 185 (207 -46 0 ) (207 0 0 ) (207 0 -36 ) (207 -46 -36 ) 
4 142 164 (207 -36 -36 ) (207 -26 -36 ) (249 -26 -36 ) (249 -36 -36 ) 
4 142 163 (207 -26 -36 ) (207 -16 -36 ) (249 -16 -36 ) (249 -26 -36 ) 
4 142 162 (207 -16 -36 ) (207 0 -36 ) (249 0 -36 ) (249 -16 -36 ) 
4 142 159 (207 -46 -14 ) (207 -46 -24 ) (208 -46 -24 ) (208 -46 -14 ) 
4 142 160 (207 -46 -26 ) (207 -46 -36 ) (208 -46 -36 ) (208 -46 -26 ) 
4 142 156 (208 -46 -36 ) (248 -46 -36 ) (248 -46 -26 ) (208 -46 -26 ) 
4 142 155 (248 -46 -36 ) (249 -46 -36 ) (249 -46 -26 ) (248 -46 -26 ) 
4 142 154 (249 -46 -24 ) (249 -46 -14 ) (208 -46 -14 ) (208 -46 -24 ) 
4 142 143 (207 -46 0 ) (207 -46 -14 ) (249 -46 -14 ) (249 -46 0 ) 
4 143 185 (207 -56 0 ) (207 -46 0 ) (207 -46 -14 ) (207 -56 -14 ) 
4 143 159 (207 -56 -14 ) (207 -46 -14 ) (208 -46 -14 ) (208 -56 -14 ) 
4 143 154 (208 -46 -14 ) (249 -46 -14 ) (249 -56 -14 ) (208 -56 -14 ) 
4 143 144 (207 -56 0 ) (207 -56 -12 ) (249 -56 -12 ) (249 -56 0 ) 
4 144 185 (207 -66 0 ) (207 -56 0 ) (207 -56 -12 ) (207 -66 -12 ) 
4 144 149 (207 -66 -2 ) (207 -66 -12 ) (208 -66 -12 ) (208 -66 -2 ) 
4 144 148 (208 -66 -12 ) (248 -66 -12 ) (248 -66 -2 ) (208 -66 -2 ) 
4 144 147 (248 -66 -12 ) (249 -66 -12 ) (249 -66 -2 ) (248 -66 -2 ) 
4 145 182 (249 -98 -2 ) (249 -98 0 ) (248 -98 0 ) (248 -98 -2 ) 
4 145 147 (249 -98 -2 ) (248 -98 -2 ) (248 -78 -2 ) (249 -78 -2 ) 
3 145 146 (248 -79.276596 0 ) (248 -78 0 ) (248 -78 -1.499996 ) 
3 146 150 (208 -79.276596 0 ) (208 -78 0 ) (208 -78 -1.499996 ) 
4 147 182 (248 -98 -12 ) (249 -98 -12 ) (249 -98 -2 ) (248 -98 -2 ) 
4 147 151 (249 -98 -12 ) (248 -98 -12 ) (248 -68 -12 ) (249 -68 -12 ) 
4 147 148 (248 -66 -12 ) (248 -68 -12 ) (248 -68 -2 ) (248 -66 -2 ) 
4 148 149 (208 -66 -2 ) (208 -66 -12 ) (208 -68 -12 ) (208 -68 -2 ) 
4 149 185 (207 -66 -2 ) (207 -66 -12 ) (207 -78 -12 ) (207 -78 -2 ) 
4 149 153 (207 -78 -12 ) (207 -68 -12 ) (208 -68 -12 ) (208 -78 -12 ) 
4 149 150 (207 -78 -2 ) (207 -78 -12 ) (208 -78 -12 ) (208 -78 -2 ) 
4 150 185 (207 -98 0 ) (207 -78 0 ) (207 -78 -12 ) (207 -98 -12 ) 
4 150 182 (207 -98 0 ) (207 -98 -12 ) (208 -98 -12 ) (208 -98 0 ) 
4 150 153 (208 -98 -12 ) (207 -98 -12 ) (207 -78 -12 ) (208 -78 -12 ) 
4 151 182 (248 -98 -14 ) (249 -98 -14 ) (249 -98 -12 ) (248 -98 -12 ) 
4 151 157 (249 -98 -14 ) (248 -98 -14 ) (248 -68 -14 ) (249 -68 -14 ) 
3 151 152 (248 -69.063828 -12 ) (248 -68 -12 ) (248 -68 -13.249996 ) 
3 152 153 (208 -69.063828 -12 ) (208 -68 -12 ) (208 -68 -13.249996 ) 
4 153 185 (207 -68 -14 ) (207 -98 -14 ) (207 -98 -12 ) (207 -68 -12 ) 
4 153 182 (207 -98 -12 ) (207 -98 -14 ) (208 -98 -14 ) (208 -98 -12 ) 
4 153 161 (208 -98 -14 ) (207 -98 -14 ) (207 -68 -14 ) (208 -68 -14 ) 
4 154 159 (208 -58 -14 ) (208 -46 -14 ) (208 -46 -24 ) (208 -58 -24 ) 
4 154 157 (248 -58 -24 ) (249 -58 -24 ) (249 -58 -14 ) (248 -58 -14 ) 
4 155 165 (249 -48 -36 ) (249 -58 -36 ) (248 -58 -36 ) (248 -48 -36 ) 
4 155 157 (248 -58 -36 ) (249 -58 -36 ) (249 -58 -26 ) (248 -58 -26 ) 
4 155 156 (248 -48 -26 ) (248 -46 -26 ) (248 -46 -36 ) (248 -48 -36 ) 
4 156 160 (208 -46 -26 ) (208 -46 -36 ) (208 -48 -36 ) (208 -48 -26 ) 
4 157 182 (248 -98 -36 ) (249 -98 -36 ) (249 -98 -14 ) (248 -98 -14 ) 
4 157 165 (249 -98 -36 ) (248 -98 -36 ) (248 -58 -36 ) (249 -58 -36 ) 
3 157 158 (248 -58 -24 ) (248 -58 -25 ) (248 -58.851063 -24 ) 
3 158 161 (208 -58 -24 ) (208 -58 -25 ) (208 -58.851063 -24 ) 
4 159 185 (207 -46 -14 ) (207 -46 -24 ) (207 -58 -24 ) (207 -58 -14 ) 
4 159 161 (208 -58 -24 ) (208 -58 -14 ) (207 -58 -14 ) (207 -58 -24 ) 
4 160 185 (207 -46 -26 ) (207 -46 -36 ) (207 -58 -36 ) (207 -58 -26 ) 
4 160 170 (207 -58 -36 ) (207 -48 -36 ) (208 -48 -36 ) (208 -58 -36 ) 
4 160 161 (207 -58 -36 ) (208 -58 -36 ) (208 -58 -26 ) (207 -58 -26 ) 
4 161 185 (207 -58 -36 ) (207 -98 -36 ) (207 -98 -14 ) (207 -58 -14 ) 
4 161 182 (207 -98 -14 ) (207 -98 -36 ) (208 -98 -36 ) (208 -98 -14 ) 
4 161 170 (208 -98 -36 ) (207 -98 -36 ) (207 -58 -36 ) (208 -58 -36 ) 
4 162 186 (207 0 -64 ) (207 0 -72 ) (207 -16 -72 ) (207 -16 -64 ) 
4 162 185 (207 0 -36 ) (207 0 -64 ) (207 -16 -64 ) (207 -16 -36 ) 
4 162 184 (207 -16 -72 ) (207 0 -72 ) (249 0 -72 ) (249 -16 -72 ) 
4 162 179 (208 -16 -60 ) (208 -16 -50 ) (207 -16 -50 ) (207 -16 -60 ) 
4 162 180 (207 -16 -72 ) (208 -16 -72 ) (208 -16 -62 ) (207 -16 -62 ) 
4 162 176 (208 -16 -72 ) (248 -16 -72 ) (248 -16 -62 ) (208 -16 -62 ) 
4 162 175 (248 -16 -72 ) (249 -16 -72 ) (249 -16 -62 ) (248 -16 -62 ) 
4 162 174 (249 -16 -60 ) (249 -16 -50 ) (208 -16 -50 ) (208 -16 -60 ) 
4 162 163 (249 -16 -50 ) (249 -16 -36 ) (207 -16 -36 ) (207 -16 -50 ) 
4 163 185 (207 -26 -36 ) (207 -16 -36 ) (207 -16 -50 ) (207 -26 -50 ) 
4 163 179 (207 -26 -50 ) (207 -16 -50 ) (208 -16 -50 ) (208 -26 -50 ) 
4 163 174 (208 -16 -50 ) (249 -16 -50 ) (249 -26 -50 ) (208 -26 -50 ) 
4 163 164 (249 -26 -48 ) (249 -26 -36 ) (207 -26 -36 ) (207 -26 -48 ) 
4 164 185 (207 -36 -36 ) (207 -26 -36 ) (207 -26 -48 ) (207 -36 -48 ) 
4 164 169 (207 -36 -38 ) (207 -36 -48 ) (208 -36 -48 ) (208 -36 -38 ) 
4 164 168 (248 -36 -38 ) (208 -36 -38 ) (208 -36 -48 ) (248 -36 -48 ) 
4 164 167 (249 -36 -48 ) (249 -36 -38 ) (248 -36 -38 ) (248 -36 -48 ) 
4 165 182 (249 -98 -38 ) (249 -98 -36 ) (248 -98 -36 ) (248 -98 -38 ) 
4 165 167 (249 -98 -38 ) (248 -98 -38 ) (248 -48 -38 ) (249 -48 -38 ) 
3 165 166 (248 -48.638302 -36 ) (248 -48 -36 ) (248 -48 -36.750000 ) 
3 166 170 (208 -48.638302 -36 ) (208 -48 -36 ) (208 -48 -36.750000 ) 
4 167 182 (248 -98 -48 ) (249 -98 -48 ) (249 -98 -38 ) (248 -98 -38 ) 
4 167 171 (249 -98 -48 ) (248 -98 -48 ) (248 -38 -48 ) (249 -38 -48 ) 
4 167 168 (248 -36 -48 ) (248 -38 -48 ) (248 -38 -38 ) (248 -36 -38 ) 
4 168 169 (208 -36 -38 ) (208 -36 -48 ) (208 -38 -48 ) (208 -38 -38 ) 
4 169 185 (207 -36 -38 ) (207 -36 -48 ) (207 -48 -48 ) (207 -48 -38 ) 
4 169 173 (207 -48 -48 ) (207 -38 -48 ) (208 -38 -48 ) (208 -48 -48 ) 
4 169 170 (207 -48 -48 ) (208 -48 -48 ) (208 -48 -38 ) (207 -48 -38 ) 
4 170 185 (207 -98 -48 ) (207 -98 -36 ) (207 -48 -36 ) (207 -48 -48 ) 
4 170 182 (207 -98 -36 ) (207 -98 -48 ) (208 -98 -48 ) (208 -98 -36 ) 
4 170 173 (208 -98 -48 ) (207 -98 -48 ) (207 -48 -48 ) (208 -48 -48 ) 
4 171 182 (248 -98 -50 ) (249 -98 -50 ) (249 -98 -48 ) (248 -98 -48 ) 
4 171 177 (249 -98 -50 ) (248 -98 -50 ) (248 -38 -50 ) (249 -38 -50 ) 
3 171 172 (248 -38.425529 -48 ) (248 -38 -48 ) (248 -38 -48.500000 ) 
3 172 173 (208 -38.425529 -48 ) (208 -38 -48 ) (208 -38 -48.500000 ) 
4 173 185 (207 -98 -50 ) (207 -98 -48 ) (207 -38 -48 ) (207 -38 -50 ) 
4 173 182 (207 -98 -48 ) (207 -98 -50 ) (208 -98 -50 ) (208 -98 -48 ) 
4 173 181 (208 -98 -50 ) (207 -98 -50 ) (207 -38 -50 ) (208 -38 -50 ) 
4 174 179 (208 -28 -50 ) (208 -16 -50 ) (208 -16 -60 ) (208 -28 -60 ) 
4 174 177 (248 -28 -60 ) (249 -28 -60 ) (249 -28 -50 ) (248 -28 -50 ) 
4 175 184 (248 -16 -72 ) (249 -16 -72 ) (249 -28 -72 ) (248 -28 -72 ) 
4 175 177 (248 -28 -72 ) (249 -28 -72 ) (249 -28 -62 ) (248 -28 -62 ) 
4 175 176 (248 -18 -62 ) (248 -16 -62 ) (248 -16 -72 ) (248 -18 -72 ) 
4 176 184 (208 -16 -72 ) (248 -16 -72 ) (248 -18 -72 ) (208 -18 -72 ) 
4 176 180 (208 -16 -62 ) (208 -16 -72 ) (208 -18 -72 ) (208 -18 -62 ) 
4 177 184 (249 -28 -72 ) (249 -98 -72 ) (248 -98 -72 ) (248 -28 -72 ) 
4 177 182 (248 -98 -72 ) (249 -98 -72 ) (249 -98 -50 ) (248 -98 -50 ) 
3 177 178 (248 -28 -60 ) (248 -28 -60.250000 ) (248 -28.212761 -60 ) 
3 178 181 (208 -28.212761 -60 ) (208 -28 -60 ) (208 -28 -60.250000 ) 
4 179 185 (207 -28 -60 ) (207 -28 -50 ) (207 -16 -50 ) (207 -16 -60 ) 
4 179 181 (208 -28 -60 ) (208 -28 -50 ) (207 -28 -50 ) (207 -28 -60 ) 
4 180 186 (207 -16 -72 ) (207 -28 -72 ) (207 -28 -64 ) (207 -16 -64 ) 
4 180 185 (207 -28 -64 ) (207 -28 -62 ) (207 -16 -62 ) (207 -16 -64 ) 
4 180 184 (207 -28 -72 ) (207 -16 -72 ) (208 -16 -72 ) (208 -28 -72 ) 
4 180 181 (207 -28 -72 ) (208 -28 -72 ) (208 -28 -62 ) (207 -28 -62 ) 
4 181 186 (207 -28 -72 ) (207 -98 -72 ) (207 -98 -64 ) (207 -28 -64 ) 
4 181 185 (207 -98 -64 ) (207 -98 -50 ) (207 -28 -50 ) (207 -28 -64 ) 
4 181 184 (207 -98 -72 ) (207 -28 -72 ) (208 -28 -72 ) (208 -98 -72 ) 
4 181 182 (207 -98 -50 ) (207 -98 -72 ) (208 -98 -72 ) (208 -98 -50 ) 
4 182 186 (207 -98 -64 ) (207 -98 -72 ) (207 -224 -72 ) (207 -224 -64 ) 
4 182 185 (207 -224 0 ) (207 -98 0 ) (207 -98 -64 ) (207 -224 -64 ) 
4 182 184 (207 -224 -72 ) (207 -98 -72 ) (249 -98 -72 ) (249 -224 -72 ) 
4 182 183 (207 -224 -64 ) (207 -224 -72 ) (249 -224 -72 ) (249 -224 -64 ) 
4 183 188 (249 -1024 -72 ) (249 -1024 -64 ) (207 -1024 -64 ) (207 -1024 -72 ) 
4 183 186 (207 -1024 -72 ) (207 -1024 -64 ) (207 -224 -64 ) (207 -224 -72 ) 
4 183 184 (207 -1024 -72 ) (207 -224 -72 ) (249 -224 -72 ) (249 -1024 -72 ) 
4 184 188 (249 -1024 -1515 ) (249 -1024 -72 ) (207 -1024 -72 ) (207 -1024 -1515 ) 
4 184 186 (207 -1024 -1515 ) (207 -1024 -72 ) (207 0 -72 ) (207 0 -1515 ) 
4 185 332 (0 -224 0 ) (0 0 0 ) (0 0 -64 ) (0 -224 -64 ) 
4 185 186 (0 0 -64 ) (207 0 -64 ) (207 -224 -64 ) (0 -224 -64 ) 
4 186 333 (0 -1024 -1515 ) (0 -1024 -64 ) (0 0 -64 ) (0 0 -1515 ) 
4 186 188 (0 -1024 -64 ) (0 -1024 -1515 ) (207 -1024 -1515 ) (207 -1024 -64 ) 
4 187 190 (2048 -2048 -1515 ) (2048 -2048 2582 ) (1024 -2048 2582 ) (1024 -2048 -1515 ) 
4 187 188 (1024 -1024 2582 ) (1024 -1024 -1515 ) (1024 -2048 -1515 ) (1024 -2048 2582 ) 
4 188 340 (0 -2048 -1515 ) (0 -2048 2582 ) (0 -1024 2582 ) (0 -1024 -1515 ) 
4 188 191 (0 -2048 2582 ) (0 -2048 -1515 ) (1024 -2048 -1515 ) (1024 -2048 2582 ) 
4 189 190 (2048 -2048 2582 ) (2048 -2048 -1515 ) (2048 -2201 -1515 ) (2048 -2201 2582 ) 
4 190 191 (1024 -2048 2582 ) (1024 -2048 -1515 ) (1024 -2201 -1515 ) (1024 -2201 2582 ) 
4 191 344 (0 -2201 2582 ) (0 -2048 2582 ) (0 -2048 -1515 ) (0 -2201 -1515 ) 
4 192 195 (-1024 1810 -1515 ) (-1024 1088 -1515 ) (-1024 1088 2582 ) (-1024 1810 2582 ) 
4 192 193 (0 1088 768 ) (0 1088 2582 ) (-1024 1088 2582 ) (-1024 1088 768 ) 
4 192 194 (-1024 1088 -1515 ) (0 1088 -1515 ) (0 1088 0 ) (-1024 1088 0 ) 
4 193 199 (0 1024 832 ) (0 1024 2582 ) (-1024 1024 2582 ) (-1024 1024 832 ) 
4 193 196 (-1024 1024 768 ) (-1024 1024 2582 ) (-1024 1088 2582 ) (-1024 1088 768 ) 
4 194 277 (0 1024 -1515 ) (0 1024 -64 ) (-1024 1024 -64 ) (-1024 1024 -1515 ) 
4 194 197 (-1024 1088 -1515 ) (-1024 1024 -1515 ) (-1024 1024 0 ) (-1024 1088 0 ) 
4 195 284 (-2048 1088 2582 ) (-2048 1810 2582 ) (-2048 1810 -1515 ) (-2048 1088 -1515 ) 
4 195 196 (-1024 1088 768 ) (-1024 1088 2582 ) (-1536 1088 2582 ) (-1536 1088 768 ) 
4 195 197 (-1536 1088 -1515 ) (-1024 1088 -1515 ) (-1024 1088 0 ) (-1536 1088 0 ) 
4 195 198 (-2048 1088 -1515 ) (-1536 1088 -1515 ) (-1536 1088 2582 ) (-2048 1088 2582 ) 
4 196 279 (-1526 1024 832 ) (-1536 1024 832 ) (-1536 1024 768 ) (-1526 1024 768 ) 
4 196 278 (-1024 1024 832 ) (-1024 1024 2582 ) (-1536 1024 2582 ) (-1536 1024 832 ) 
4 196 198 (-1536 1088 2582 ) (-1536 1088 768 ) (-1536 1024 768 ) (-1536 1024 2582 ) 
4 197 282 (-1536 1024 -1515 ) (-1024 1024 -1515 ) (-1024 1024 -64 ) (-1536 1024 -64 ) 
4 197 198 (-1536 1088 0 ) (-1536 1088 -1515 ) (-1536 1024 -1515 ) (-1536 1024 0 ) 
4 198 284 (-2048 1024 -1515 ) (-2048 1024 2582 ) (-2048 1088 2582 ) (-2048 1088 -1515 ) 
4 198 283 (-2048 1024 0 ) (-2048 1024 -1515 ) (-1536 1024 -1515 ) (-1536 1024 0 ) 
4 198 281 (-2048 1024 768 ) (-2048 1024 0 ) (-1590 1024 0 ) (-1590 1024 768 ) 
4 198 279 (-2048 1024 832 ) (-2048 1024 768 ) (-1536 1024 768 ) (-1536 1024 832 ) 
4 198 278 (-2048 1024 2582 ) (-2048 1024 832 ) (-1536 1024 832 ) (-1536 1024 2582 ) 
4 199 286 (0 0 832 ) (0 0 2582 ) (-1024 0 2582 ) (-1024 0 832 ) 
4 199 278 (-1024 1024 2582 ) (-1024 1024 832 ) (-1024 0 832 ) (-1024 0 2582 ) 
4 200 287 (0 0 162 ) (0 0 768 ) (-1024 0 768 ) (-1024 0 162 ) 
4 200 280 (-1024 1024 768 ) (-1024 1024 162 ) (-1024 0 162 ) (-1024 0 768 ) 
4 200 253 (-270 0 162 ) (-1024 0 162 ) (-1024 512 162 ) (-270 512 162 ) 
4 200 251 (-264 258.968994 162 ) (-264 512 162 ) (-36 512 162 ) (-36 258.968994 162 ) 
4 200 252 (-36 0 162 ) (-264 0 162 ) (-264 252.968994 162 ) (-36 252.968994 162 ) 
4 200 231 (-26 0 162 ) (-28 0 162 ) (-28 158 162 ) (-26 158 162 ) 
4 200 232 (-34 0 162 ) (-36 0 162 ) (-36 158 162 ) (-34 158 162 ) 
4 200 229 (-36 158 162 ) (-36 214 162 ) (-34 214 162 ) (-34 158 162 ) 
4 200 227 (-28 214 162 ) (-26 214 162 ) (-26 158 162 ) (-28 158 162 ) 
4 200 225 (-36 258.968994 162 ) (-36 379 162 ) (-34 379 162 ) (-34 258.968994 162 ) 
4 200 226 (-36 214 162 ) (-36 252.968994 162 ) (-34 252.968994 162 ) (-34 214 162 ) 
4 200 224 (-28 379 162 ) (-26 379 162 ) (-26 214 162 ) (-28 214 162 ) 
4 200 222 (-36 379 162 ) (-36 435 162 ) (-34 435 162 ) (-34 379 162 ) 
4 200 220 (-28 435 162 ) (-26 435 162 ) (-26 379 162 ) (-28 379 162 ) 
4 200 218 (-28 512 162 ) (-26 512 162 ) (-26 435 162 ) (-28 435 162 ) 
4 200 219 (-36 435 162 ) (-36 512 162 ) (-34 512 162 ) (-34 435 162 ) 
4 200 217 (-1024 512 162 ) (-1024 518 162 ) (-270 518 162 ) (-270 512 162 ) 
4 200 214 (-26 532 162 ) (-26 520 162 ) (-32 520 162 ) (-32 532 162 ) 
4 200 213 (-32 1024 162 ) (-26 1024 162 ) (-26 532 162 ) (-32 532 162 ) 
4 200 215 (-26 520 162 ) (-26 518 162 ) (-32 518 162 ) (-32 520 162 ) 
4 200 216 (-1024 518 162 ) (-1024 1024 162 ) (-32 1024 162 ) (-32 518 162 ) 
4 200 203 (-26 518 162 ) (-26 520 162 ) (0 520 162 ) (0 518 162 ) 
4 200 204 (-26 510 162 ) (-26 512 162 ) (0 512 162 ) (0 510 162 ) 
4 200 212 (0 0 162 ) (-26 0 162 ) (-26 510 162 ) (0 510 162 ) 
4 200 202 (-26 520 162 ) (-26 532 162 ) (0 532 162 ) (0 520 162 ) 
4 200 201 (-26 532 162 ) (-26 1024 162 ) (0 1024 162 ) (0 532 162 ) 
4 201 258 (-26 1024 30 ) (0 1024 30 ) (0 532 30 ) (-26 532 30 ) 
4 201 213 (-26 1024 30 ) (-26 532 30 ) (-26 532 162 ) (-26 1024 162 ) 
4 201 202 (-26 532 162 ) (-26 532 32 ) (0 532 32 ) (0 532 162 ) 
4 202 214 (-26 520 32 ) (-26 520 162 ) (-26 532 162 ) (-26 532 32 ) 
4 202 207 (-26 520 140 ) (-26 520 32 ) (-18 520 32 ) (-18 520 140 ) 
4 202 206 (-14 520 32 ) (0 520 32 ) (0 520 140 ) (-14 520 140 ) 
4 202 205 (-26 520 144 ) (-26 520 140 ) (-18 520 140 ) (-18 520 144 ) 
4 202 203 (-26 520 162 ) (-26 520 144 ) (0 520 144 ) (0 520 162 ) 
4 203 215 (-26 518 162 ) (-26 520 162 ) (-26 520 144 ) (-26 518 144 ) 
4 203 205 (-26 518 144 ) (-26 520 144 ) (-18 520 144 ) (-18 518 144 ) 
4 204 218 (-26 510 144 ) (-26 510 162 ) (-26 512 162 ) (-26 512 144 ) 
4 204 209 (-18 510 144 ) (-26 510 144 ) (-26 512 144 ) (-18 512 144 ) 
4 204 212 (-26 510 162 ) (-26 510 144 ) (0 510 144 ) (0 510 162 ) 
4 205 215 (-26 518 144 ) (-26 520 144 ) (-26 520 140 ) (-26 518 140 ) 
4 205 207 (-26 518 140 ) (-26 520 140 ) (-18 520 140 ) (-18 518 140 ) 
4 206 208 (-14 512 32 ) (0 512 32 ) (0 512 140 ) (-14 512 140 ) 
4 207 215 (-26 520 140 ) (-26 520 32 ) (-26 518 32 ) (-26 518 140 ) 
4 207 210 (-26 518 32 ) (-26 520 32 ) (-18 520 32 ) (-18 518 32 ) 
4 208 212 (-14 510 32 ) (0 510 32 ) (0 510 140 ) (-14 510 140 ) 
4 209 233 (-26 510 32 ) (-26 510 48 ) (-26 512 48 ) (-26 512 32 ) 
4 209 218 (-26 510 48 ) (-26 510 144 ) (-26 512 144 ) (-26 512 48 ) 
4 209 211 (-18 510 32 ) (-26 510 32 ) (-26 512 32 ) (-18 512 32 ) 
4 209 212 (-26 510 144 ) (-26 510 32 ) (-18 510 32 ) (-18 510 144 ) 
4 210 215 (-26 520 30 ) (-26 518 30 ) (-26 518 32 ) (-26 520 32 ) 
4 211 243 (-26 512 30 ) (-26 510 30 ) (-26 510 32 ) (-26 512 32 ) 
4 211 212 (-26 510 32 ) (-26 510 30 ) (-18 510 30 ) (-18 510 32 ) 
4 212 288 (0 0 30 ) (0 0 162 ) (-26 0 162 ) (-26 0 30 ) 
4 212 245 (-26 158 30 ) (-26 0 30 ) (-26 0 32 ) (-26 158 32 ) 
4 212 243 (-26 510 30 ) (-26 435 30 ) (-26 435 32 ) (-26 510 32 ) 
4 212 244 (-26 379 30 ) (-26 214 30 ) (-26 214 32 ) (-26 379 32 ) 
4 212 241 (-26 0 32 ) (-26 0 48 ) (-26 158 48 ) (-26 158 32 ) 
4 212 240 (-26 162 48 ) (-26 210 48 ) (-26 210 32 ) (-26 162 32 ) 
4 212 236 (-26 214 48 ) (-26 379 48 ) (-26 379 32 ) (-26 214 32 ) 
4 212 233 (-26 435 48 ) (-26 510 48 ) (-26 510 32 ) (-26 435 32 ) 
4 212 235 (-26 383 48 ) (-26 431 48 ) (-26 431 32 ) (-26 383 32 ) 
4 212 231 (-26 0 48 ) (-26 0 162 ) (-26 158 162 ) (-26 158 48 ) 
4 212 228 (-26 210 48 ) (-26 162 48 ) (-26 162 140 ) (-26 210 140 ) 
4 212 227 (-26 158 162 ) (-26 214 162 ) (-26 214 144 ) (-26 158 144 ) 
4 212 224 (-26 214 162 ) (-26 379 162 ) (-26 379 48 ) (-26 214 48 ) 
4 212 221 (-26 431 48 ) (-26 383 48 ) (-26 383 140 ) (-26 431 140 ) 
4 212 220 (-26 379 162 ) (-26 435 162 ) (-26 435 144 ) (-26 379 144 ) 
4 212 218 (-26 435 162 ) (-26 510 162 ) (-26 510 48 ) (-26 435 48 ) 
4 213 258 (-32 1024 30 ) (-26 1024 30 ) (-26 532 30 ) (-32 532 30 ) 
4 213 214 (-32 532 162 ) (-32 532 32 ) (-26 532 32 ) (-26 532 162 ) 
4 213 216 (-32 1024 30 ) (-32 532 30 ) (-32 532 162 ) (-32 1024 162 ) 
4 214 216 (-32 520 32 ) (-32 520 162 ) (-32 532 162 ) (-32 532 32 ) 
4 214 215 (-32 520 162 ) (-32 520 32 ) (-26 520 32 ) (-26 520 162 ) 
4 215 216 (-32 520 30 ) (-32 518 30 ) (-32 518 162 ) (-32 520 162 ) 
4 216 280 (-1024 1024 162 ) (-1024 1024 30 ) (-1024 518 30 ) (-1024 518 162 ) 
4 216 274 (-270 1024 30 ) (-256 1024 30 ) (-256 518 30 ) (-270 518 30 ) 
4 216 275 (-1024 1024 30 ) (-270 1024 30 ) (-270 518 30 ) (-1024 518 30 ) 
4 216 272 (-256 1024 30 ) (-32 1024 30 ) (-32 518 30 ) (-256 518 30 ) 
4 216 217 (-1024 518 30 ) (-270 518 30 ) (-270 518 162 ) (-1024 518 162 ) 
4 217 280 (-1024 518 30 ) (-1024 512 30 ) (-1024 512 162 ) (-1024 518 162 ) 
4 217 275 (-270 512 30 ) (-1024 512 30 ) (-1024 518 30 ) (-270 518 30 ) 
4 217 257 (-1024 512 30 ) (-270 512 30 ) (-270 512 48 ) (-1024 512 48 ) 
4 217 253 (-270 512 48 ) (-270 512 162 ) (-1024 512 162 ) (-1024 512 48 ) 
4 218 233 (-28 512 48 ) (-26 512 48 ) (-26 435 48 ) (-28 435 48 ) 
4 218 220 (-26 435 144 ) (-26 435 162 ) (-28 435 162 ) (-28 435 144 ) 
4 219 251 (-36 512 162 ) (-36 512 48 ) (-36 435 48 ) (-36 435 162 ) 
4 219 234 (-36 435 48 ) (-36 512 48 ) (-34 512 48 ) (-34 435 48 ) 
4 219 222 (-36 435 162 ) (-36 435 144 ) (-34 435 144 ) (-34 435 162 ) 
4 220 224 (-26 379 144 ) (-26 379 162 ) (-28 379 162 ) (-28 379 144 ) 
4 221 235 (-26 431 48 ) (-26 383 48 ) (-34 383 48 ) (-34 431 48 ) 
4 221 223 (-34 431 48 ) (-34 383 48 ) (-34 383 140 ) (-34 431 140 ) 
4 222 251 (-36 379 144 ) (-36 379 162 ) (-36 435 162 ) (-36 435 144 ) 
4 222 225 (-36 379 162 ) (-36 379 144 ) (-34 379 144 ) (-34 379 162 ) 
4 223 251 (-36 431 48 ) (-36 383 48 ) (-36 383 140 ) (-36 431 140 ) 
4 223 235 (-36 383 48 ) (-36 431 48 ) (-34 431 48 ) (-34 383 48 ) 
4 224 236 (-28 379 48 ) (-26 379 48 ) (-26 214 48 ) (-28 214 48 ) 
4 224 227 (-26 214 144 ) (-26 214 162 ) (-28 214 162 ) (-28 214 144 ) 
4 225 251 (-36 379 48 ) (-36 258.968994 48 ) (-36 258.968994 162 ) (-36 379 162 ) 
4 225 237 (-36 258.968994 48 ) (-36 379 48 ) (-34 379 48 ) (-34 258.968994 48 ) 
4 226 252 (-36 252.968994 48 ) (-36 214 48 ) (-36 214 162 ) (-36 252.968994 162 ) 
4 226 239 (-36 214 48 ) (-36 252.968994 48 ) (-34 252.968994 48 ) (-34 214 48 ) 
4 226 229 (-36 214 162 ) (-36 214 144 ) (-34 214 144 ) (-34 214 162 ) 
4 227 231 (-26 158 144 ) (-26 158 162 ) (-28 158 162 ) (-28 158 144 ) 
4 228 240 (-26 210 48 ) (-26 162 48 ) (-34 162 48 ) (-34 210 48 ) 
4 228 230 (-34 210 48 ) (-34 162 48 ) (-34 162 140 ) (-34 210 140 ) 
4 229 252 (-36 158 144 ) (-36 158 162 ) (-36 214 162 ) (-36 214 144 ) 
4 229 232 (-36 158 162 ) (-36 158 144 ) (-34 158 144 ) (-34 158 162 ) 
4 230 252 (-36 210 48 ) (-36 162 48 ) (-36 162 140 ) (-36 210 140 ) 
4 230 240 (-36 162 48 ) (-36 210 48 ) (-34 210 48 ) (-34 162 48 ) 
4 231 288 (-26 0 162 ) (-28 0 162 ) (-28 0 48 ) (-26 0 48 ) 
4 231 241 (-28 158 48 ) (-26 158 48 ) (-26 0 48 ) (-28 0 48 ) 
4 232 290 (-34 0 162 ) (-36 0 162 ) (-36 0 48 ) (-34 0 48 ) 
4 232 252 (-36 158 48 ) (-36 0 48 ) (-36 0 162 ) (-36 158 162 ) 
4 232 242 (-36 0 48 ) (-36 158 48 ) (-34 158 48 ) (-34 0 48 ) 
4 233 243 (-28 512 32 ) (-26 512 32 ) (-26 435 32 ) (-28 435 32 ) 
4 234 254 (-36 512 48 ) (-36 512 32 ) (-36 435 32 ) (-36 435 48 ) 
4 234 246 (-36 435 32 ) (-36 512 32 ) (-34 512 32 ) (-34 435 32 ) 
4 235 254 (-36 431 32 ) (-36 383 32 ) (-36 383 48 ) (-36 431 48 ) 
4 236 244 (-26 379 32 ) (-26 214 32 ) (-28 214 32 ) (-28 379 32 ) 
4 237 254 (-36 379 32 ) (-36 258.968994 32 ) (-36 258.968994 48 ) (-36 379 48 ) 
4 237 247 (-36 258.968994 32 ) (-36 379 32 ) (-34 379 32 ) (-34 258.968994 32 ) 
4 237 238 (-36 258.968994 32 ) (-34 258.968994 32 ) (-34 258.968994 48 ) (-36 258.968994 48 ) 
4 238 255 (-36 258.968994 32 ) (-36 252.968994 32 ) (-36 252.968994 48 ) (-36 258.968994 48 ) 
4 238 248 (-36 252.968994 32 ) (-36 258.968994 32 ) (-34 258.968994 32 ) (-34 252.968994 32 ) 
4 238 239 (-36 252.968994 32 ) (-34 252.968994 32 ) (-34 252.968994 48 ) (-36 252.968994 48 ) 
4 239 256 (-36 252.968994 32 ) (-36 214 32 ) (-36 214 48 ) (-36 252.968994 48 ) 
4 239 249 (-36 214 32 ) (-36 252.968994 32 ) (-34 252.968994 32 ) (-34 214 32 ) 
4 240 256 (-36 210 32 ) (-36 162 32 ) (-36 162 48 ) (-36 210 48 ) 
4 241 288 (-28 0 32 ) (-26 0 32 ) (-26 0 48 ) (-28 0 48 ) 
4 241 245 (-26 158 32 ) (-26 0 32 ) (-28 0 32 ) (-28 158 32 ) 
4 242 290 (-36 0 48 ) (-36 0 32 ) (-34 0 32 ) (-34 0 48 ) 
4 242 256 (-36 158 32 ) (-36 0 32 ) (-36 0 48 ) (-36 158 48 ) 
4 242 250 (-36 0 32 ) (-36 158 32 ) (-34 158 32 ) (-34 0 32 ) 
4 245 288 (-28 0 30 ) (-26 0 30 ) (-26 0 32 ) (-28 0 32 ) 
4 246 254 (-36 512 32 ) (-36 512 30 ) (-36 435 30 ) (-36 435 32 ) 
4 247 254 (-36 379 30 ) (-36 258.968994 30 ) (-36 258.968994 32 ) (-36 379 32 ) 
4 247 248 (-34 258.968994 30 ) (-34 258.968994 32 ) (-36 258.968994 32 ) (-36 258.968994 30 ) 
4 248 255 (-36 258.968994 30 ) (-36 252.968994 30 ) (-36 252.968994 32 ) (-36 258.968994 32 ) 
4 248 249 (-34 252.968994 30 ) (-34 252.968994 32 ) (-36 252.968994 32 ) (-36 252.968994 30 ) 
4 249 256 (-36 252.968994 30 ) (-36 214 30 ) (-36 214 32 ) (-36 252.968994 32 ) 
4 250 290 (-36 0 32 ) (-36 0 30 ) (-34 0 30 ) (-34 0 32 ) 
4 250 256 (-36 158 30 ) (-36 0 30 ) (-36 0 32 ) (-36 158 32 ) 
4 251 254 (-264 512 48 ) (-36 512 48 ) (-36 258.968994 48 ) (-264 258.968994 48 ) 
4 252 290 (-36 0 162 ) (-264 0 162 ) (-264 0 48 ) (-36 0 48 ) 
4 252 256 (-36 252.968994 48 ) (-36 0 48 ) (-264 0 48 ) (-264 252.968994 48 ) 
4 253 312 (-270 0 162 ) (-1024 0 162 ) (-1024 0 48 ) (-270 0 48 ) 
4 253 280 (-1024 0 48 ) (-1024 0 162 ) (-1024 512 162 ) (-1024 512 48 ) 
4 253 257 (-1024 0 48 ) (-1024 512 48 ) (-270 512 48 ) (-270 0 48 ) 
4 254 255 (-264 258.968994 48 ) (-264 258.968994 30 ) (-36 258.968994 30 ) (-36 258.968994 48 ) 
4 255 256 (-264 252.968994 48 ) (-264 252.968994 30 ) (-36 252.968994 30 ) (-36 252.968994 48 ) 
4 256 290 (-264 0 30 ) (-36 0 30 ) (-36 0 48 ) (-264 0 48 ) 
4 257 312 (-1024 0 48 ) (-1024 0 30 ) (-270 0 30 ) (-270 0 48 ) 
4 257 280 (-1024 512 30 ) (-1024 0 30 ) (-1024 0 48 ) (-1024 512 48 ) 
4 257 275 (-270 0 30 ) (-1024 0 30 ) (-1024 512 30 ) (-270 512 30 ) 
4 258 272 (-32 531 30 ) (-32 1024 30 ) (-32 1024 24 ) (-32 531 24 ) 
4 258 259 (-32 544 24 ) (-32 1024 24 ) (0 1024 24 ) (0 544 24 ) 
4 259 272 (-32 544 24 ) (-32 1024 24 ) (-32 1024 22 ) (-32 544 22 ) 
4 259 261 (-32 544 22 ) (-32 1024 22 ) (0 1024 22 ) (0 544 22 ) 
4 260 272 (-32 518 22 ) (-32 518 24 ) (-32 530 24 ) (-32 530 22 ) 
4 260 262 (0 518 22 ) (-32 518 22 ) (-32 530 22 ) (0 530 22 ) 
4 261 272 (-32 543 22 ) (-32 1024 22 ) (-32 1024 16 ) (-32 543 16 ) 
4 261 263 (-32 556 16 ) (-32 1024 16 ) (0 1024 16 ) (0 556 16 ) 
4 262 272 (-32 518 16 ) (-32 518 22 ) (-32 530 22 ) (-32 530 16 ) 
4 262 264 (0 518 16 ) (-32 518 16 ) (-32 530 16 ) (0 530 16 ) 
4 263 272 (-32 556 16 ) (-32 1024 16 ) (-32 1024 14 ) (-32 556 14 ) 
4 263 265 (-32 556 14 ) (-32 1024 14 ) (0 1024 14 ) (0 556 14 ) 
4 264 272 (-32 518 14 ) (-32 518 16 ) (-32 542 16 ) (-32 542 14 ) 
4 264 266 (0 518 14 ) (-32 518 14 ) (-32 542 14 ) (0 542 14 ) 
4 265 272 (-32 555 14 ) (-32 1024 14 ) (-32 1024 8 ) (-32 555 8 ) 
4 265 267 (-32 568 8 ) (-32 1024 8 ) (0 1024 8 ) (0 568 8 ) 
4 266 272 (-32 518 8 ) (-32 518 14 ) (-32 542 14 ) (-32 542 8 ) 
4 266 268 (0 518 8 ) (-32 518 8 ) (-32 542 8 ) (0 542 8 ) 
4 267 272 (-32 568 8 ) (-32 1024 8 ) (-32 1024 6 ) (-32 568 6 ) 
4 267 269 (-32 568 6 ) (-32 1024 6 ) (0 1024 6 ) (0 568 6 ) 
4 268 272 (-32 518 6 ) (-32 518 8 ) (-32 554 8 ) (-32 554 6 ) 
4 268 270 (0 518 6 ) (-32 518 6 ) (-32 554 6 ) (0 554 6 ) 
4 269 272 (-32 1024 0 ) (-32 567 0 ) (-32 567 6 ) (-32 1024 6 ) 
4 270 272 (-32 554 0 ) (-32 518 0 ) (-32 518 6 ) (-32 554 6 ) 
4 271 327 (-30 0 24 ) (-32 0 24 ) (-32 0 0 ) (-30 0 0 ) 
4 271 313 (0 0 0 ) (0 0 24 ) (-30 0 24 ) (-30 0 0 ) 
4 271 276 (0 0 0 ) (-32 0 0 ) (-32 453 0 ) (0 453 0 ) 
4 271 273 (-32 496 0 ) (-32 0 0 ) (-32 0 24 ) (-32 496 24 ) 
4 272 274 (-256 1024 0 ) (-256 518 0 ) (-256 518 30 ) (-256 1024 30 ) 
4 273 327 (-256 0 24 ) (-256 0 0 ) (-32 0 0 ) (-32 0 24 ) 
4 273 276 (-32 0 0 ) (-225 0 0 ) (-225 453 0 ) (-32 453 0 ) 
4 274 275 (-270 1024 0 ) (-270 518 0 ) (-270 518 30 ) (-270 1024 30 ) 
4 275 328 (-270 0 30 ) (-1024 0 30 ) (-1024 0 0 ) (-270 0 0 ) 
4 275 280 (-1024 1024 30 ) (-1024 1024 0 ) (-1024 0 0 ) (-1024 0 30 ) 
4 276 332 (0 0 -64 ) (0 0 0 ) (-225 0 0 ) (-225 0 -64 ) 
4 276 277 (0 453 -64 ) (0 0 -64 ) (-225 0 -64 ) (-225 453 -64 ) 
4 277 333 (0 0 -1515 ) (0 0 -64 ) (-1024 0 -64 ) (-1024 0 -1515 ) 
4 277 282 (-1024 1024 -64 ) (-1024 1024 -1515 ) (-1024 0 -1515 ) (-1024 0 -64 ) 
4 278 334 (-1024 0 832 ) (-1024 0 2582 ) (-2048 0 2582 ) (-2048 0 832 ) 
4 278 285 (-2048 0 832 ) (-2048 0 2582 ) (-2048 1024 2582 ) (-2048 1024 832 ) 
4 278 279 (-2048 0 832 ) (-2048 1024 832 ) (-1526 1024 832 ) (-1526 0 832 ) 
4 279 335 (-1526 0 832 ) (-2048 0 832 ) (-2048 0 768 ) (-1526 0 768 ) 
4 279 285 (-2048 0 768 ) (-2048 0 832 ) (-2048 1024 832 ) (-2048 1024 768 ) 
4 279 281 (-1590 0 768 ) (-2048 0 768 ) (-2048 1024 768 ) (-1590 1024 768 ) 
4 280 336 (-1024 0 0 ) (-1024 0 768 ) (-1526 0 768 ) (-1526 0 0 ) 
4 281 337 (-1590 0 768 ) (-2048 0 768 ) (-2048 0 0 ) (-1590 0 0 ) 
4 281 285 (-2048 0 0 ) (-2048 0 768 ) (-2048 1024 768 ) (-2048 1024 0 ) 
4 281 283 (-2048 0 0 ) (-2048 1024 0 ) (-1590 1024 0 ) (-1590 0 0 ) 
4 282 339 (-1024 0 -1515 ) (-1024 0 -64 ) (-1536 0 -64 ) (-1536 0 -1515 ) 
4 282 283 (-1536 1024 -1515 ) (-1536 0 -1515 ) (-1536 0 -64 ) (-1536 1024 -64 ) 
4 283 339 (-2048 0 -64 ) (-2048 0 -1515 ) (-1536 0 -1515 ) (-1536 0 -64 ) 
4 283 338 (-1536 0 0 ) (-2048 0 0 ) (-2048 0 -64 ) (-1536 0 -64 ) 
4 283 285 (-2048 0 -1515 ) (-2048 0 0 ) (-2048 1024 0 ) (-2048 1024 -1515 ) 
4 284 285 (-2048 1024 -1515 ) (-2048 1024 2582 ) (-2783 1024 2582 ) (-2783 1024 -1515 ) 
4 285 342 (-2048 0 -1515 ) (-2048 0 2582 ) (-2783 0 2582 ) (-2783 0 -1515 ) 
4 286 340 (0 -1024 832 ) (0 -1024 2582 ) (-1024 -1024 2582 ) (-1024 -1024 832 ) 
4 286 334 (-1024 -1024 832 ) (-1024 -1024 2582 ) (-1024 0 2582 ) (-1024 0 832 ) 
4 287 340 (0 -1024 162 ) (0 -1024 768 ) (-1024 -1024 768 ) (-1024 -1024 162 ) 
4 287 336 (-1024 -1024 162 ) (-1024 -1024 768 ) (-1024 0 768 ) (-1024 0 162 ) 
4 287 309 (0 -322 162 ) (0 -334 162 ) (-30 -334 162 ) (-30 -322 162 ) 
4 287 310 (0 -334 162 ) (0 -1024 162 ) (-30 -1024 162 ) (-30 -334 162 ) 
4 287 311 (-30 -1024 162 ) (-270 -1024 162 ) (-270 -322 162 ) (-30 -322 162 ) 
4 287 307 (0 -258 162 ) (0 -322 162 ) (-216 -322 162 ) (-216 -258 162 ) 
4 287 308 (-216 -322 162 ) (-270 -322 162 ) (-270 -258 162 ) (-216 -258 162 ) 
4 287 301 (0 -256 162 ) (0 -258 162 ) (-270 -258 162 ) (-270 -256 162 ) 
4 287 299 (-14 -250 162 ) (-264 -250 162 ) (-264 -248 162 ) (-14 -248 162 ) 
4 287 297 (0 -248 162 ) (0 -250 162 ) (-14 -250 162 ) (-14 -248 162 ) 
4 287 295 (-198 -169.970978 162 ) (-197.547989 -108 162 ) (-92 -112.258041 162 ) (-92.451042 -174.229248 162 ) 
4 287 294 (-92.989105 -248 162 ) (-198.569138 -248 162 ) (-198 -169.970978 162 ) (-92.451042 -174.229248 162 ) 
4 287 293 (-197.547989 -108 162 ) (-196.818359 -7.968500 162 ) (-91.238373 -7.968500 162 ) (-92 -112.258041 162 ) 
4 287 292 (-34 -7.968500 162 ) (-34 -248 162 ) (-92.989105 -248 162 ) (-91.238373 -7.968500 162 ) 
4 287 291 (-198.569138 -248 162 ) (-264 -248 162 ) (-264 -7.968500 162 ) (-196.818359 -7.968500 162 ) 
4 287 290 (-264 0 162 ) (-34 0 162 ) (-34 -1.968500 162 ) (-264 -1.968500 162 ) 
4 287 289 (-28 -7.979494 162 ) (-28 -248 162 ) (-34 -248 162 ) (-34 -7.979494 162 ) 
4 287 288 (-28 0 162 ) (0 0 162 ) (0 -248 162 ) (-28 -248 162 ) 
4 287 312 (-1024 -1024 162 ) (-1024 0 162 ) (-270 0 162 ) (-270 -1024 162 ) 
4 288 305 (-28 -248 30 ) (-18 -248 30 ) (-18 -248 32 ) (-28 -248 32 ) 
4 288 300 (-28 -248 144 ) (-28 -248 32 ) (-18 -248 32 ) (-18 -248 144 ) 
4 288 299 (-14 -248 162 ) (-28 -248 162 ) (-28 -248 144 ) (-14 -248 144 ) 
4 288 297 (0 -248 144 ) (0 -248 162 ) (-14 -248 162 ) (-14 -248 144 ) 
4 288 298 (0 -248 33 ) (0 -248 140 ) (-14 -248 140 ) (-14 -248 33 ) 
4 288 289 (-28 -7.979494 30 ) (-28 -248 30 ) (-28 -248 162 ) (-28 -7.979494 162 ) 
4 289 305 (-34 -248 30 ) (-28 -248 30 ) (-28 -248 32 ) (-34 -248 32 ) 
4 289 300 (-28 -248 32 ) (-28 -248 144 ) (-34 -248 144 ) (-34 -248 32 ) 
4 289 299 (-28 -248 144 ) (-28 -248 162 ) (-34 -248 162 ) (-34 -248 144 ) 
4 289 292 (-34 -7.979494 30 ) (-34 -248 30 ) (-34 -248 162 ) (-34 -7.979494 162 ) 
4 291 305 (-264 -248 30 ) (-198.569153 -248 30 ) (-198.569153 -248 32 ) (-264 -248 32 ) 
4 291 300 (-198.569153 -248 32 ) (-198.569138 -248 144 ) (-264 -248 144 ) (-264 -248 32 ) 
4 291 299 (-198.569138 -248 144 ) (-198.569138 -248 162 ) (-264 -248 162 ) (-264 -248 144 ) 
4 291 296 (-198 -169.970978 30 ) (-197.548019 -108 30 ) (-197.548019 -108 31 ) (-198 -169.970978 31 ) 
4 291 295 (-197.548019 -108 31 ) (-197.548019 -108 162 ) (-198 -169.970978 162 ) (-198 -169.970978 31 ) 
4 291 294 (-198.569168 -248 162 ) (-198.569168 -248 30 ) (-198 -169.970978 30 ) (-198 -169.970978 162 ) 
4 291 293 (-197.548019 -108 30 ) (-196.818405 -7.968500 30 ) (-196.818405 -7.968500 162 ) (-197.548019 -108 162 ) 
4 292 305 (-92.990067 -248 30 ) (-34 -248 30 ) (-34 -248 32 ) (-92.990051 -248 32 ) 
4 292 300 (-34 -248 32 ) (-34 -248 144 ) (-92.989235 -248 144 ) (-92.990051 -248 32 ) 
4 292 299 (-34 -248 144 ) (-34 -248 162 ) (-92.989105 -248 162 ) (-92.989235 -248 144 ) 
4 292 296 (-92 -112.257988 30 ) (-92.451996 -174.229187 30 ) (-92.451988 -174.229187 31 ) (-92 -112.257988 31 ) 
4 292 295 (-92.451988 -174.229187 31 ) (-92.451042 -174.229248 162 ) (-92 -112.258057 162 ) (-92 -112.257988 31 ) 
4 292 294 (-92.451996 -174.229187 30 ) (-92.990067 -248 30 ) (-92.989113 -248 162 ) (-92.451042 -174.229248 162 ) 
4 292 293 (-91.238373 -7.968500 162 ) (-91.239326 -7.968500 30 ) (-92 -112.257988 30 ) (-92 -112.258057 162 ) 
4 293 296 (-197.547440 -108 31 ) (-197.547440 -108 30 ) (-92.001732 -112.258064 30 ) (-92.001724 -112.258064 31 ) 
4 293 295 (-197.547440 -108 162 ) (-197.547440 -108 31 ) (-92.001724 -112.258064 31 ) (-92 -112.258102 162 ) 
4 294 305 (-198.569153 -248 30 ) (-92.990067 -248 30 ) (-92.990051 -248 32 ) (-198.569153 -248 32 ) 
4 294 300 (-92.990051 -248 32 ) (-92.989235 -248 144 ) (-198.569138 -248 144 ) (-198.569153 -248 32 ) 
4 294 299 (-92.989235 -248 144 ) (-92.989105 -248 162 ) (-198.569138 -248 162 ) (-198.569138 -248 144 ) 
4 294 296 (-92.450943 -174.229248 31 ) (-92.450951 -174.229248 30 ) (-198 -169.971024 30 ) (-198 -169.971024 31 ) 
4 294 295 (-92.449997 -174.229294 162 ) (-92.450943 -174.229248 31 ) (-198 -169.971024 31 ) (-198 -169.971024 162 ) 
4 295 296 (-92.449219 -174.227051 31 ) (-198 -169.968719 31 ) (-197.550781 -108 31 ) (-92 -112.257813 31 ) 
4 297 299 (-14 -248 162 ) (-14 -248 144 ) (-14 -250 144 ) (-14 -250 162 ) 
4 298 303 (0 -250 33 ) (0 -250 140 ) (-14 -250 140 ) (-14 -250 33 ) 
4 299 300 (-264 -250 144 ) (-264 -248 144 ) (-18 -248 144 ) (-18 -250 144 ) 
4 300 305 (-264 -248 32 ) (-18 -248 32 ) (-18 -250 32 ) (-264 -250 32 ) 
4 301 307 (-216 -258 144 ) (0 -258 144 ) (0 -258 162 ) (-216 -258 162 ) 
4 301 308 (-270 -258 162 ) (-270 -258 144 ) (-216 -258 144 ) (-216 -258 162 ) 
4 301 302 (-18 -258 144 ) (-270 -258 144 ) (-270 -256 144 ) (-18 -256 144 ) 
4 301 312 (-270 -258 144 ) (-270 -258 162 ) (-270 -256 162 ) (-270 -256 144 ) 
4 302 307 (-216 -258 140 ) (-18 -258 140 ) (-18 -258 144 ) (-216 -258 144 ) 
4 302 308 (-270 -258 144 ) (-270 -258 140 ) (-216 -258 140 ) (-216 -258 144 ) 
4 302 304 (-18 -258 140 ) (-270 -258 140 ) (-270 -256 140 ) (-18 -256 140 ) 
4 302 312 (-270 -258 140 ) (-270 -258 144 ) (-270 -256 144 ) (-270 -256 140 ) 
4 303 307 (0 -258 33 ) (0 -258 140 ) (-14 -258 140 ) (-14 -258 33 ) 
4 304 307 (-216 -258 32 ) (-18 -258 32 ) (-18 -258 140 ) (-216 -258 140 ) 
4 304 308 (-270 -258 140 ) (-270 -258 32 ) (-216 -258 32 ) (-216 -258 140 ) 
4 304 306 (-216 -258 32 ) (-270 -258 32 ) (-270 -256 32 ) (-216 -256 32 ) 
4 304 312 (-270 -258 32 ) (-270 -258 140 ) (-270 -256 140 ) (-270 -256 32 ) 
4 306 331 (-270 -258 30 ) (-270 -256 30 ) (-216 -256 30 ) (-216 -258 30 ) 
4 306 308 (-270 -258 32 ) (-270 -258 30 ) (-216 -258 30 ) (-216 -258 32 ) 
4 306 312 (-270 -256 30 ) (-270 -258 30 ) (-270 -258 32 ) (-270 -256 32 ) 
4 307 309 (0 -322 32 ) (0 -322 162 ) (-30 -322 162 ) (-30 -322 32 ) 
4 307 311 (-30 -322 162 ) (-216 -322 162 ) (-216 -322 32 ) (-30 -322 32 ) 
4 307 308 (-216 -258 162 ) (-216 -258 32 ) (-216 -322 32 ) (-216 -322 162 ) 
4 308 331 (-270 -322 30 ) (-270 -258 30 ) (-216 -258 30 ) (-216 -322 30 ) 
4 308 311 (-270 -322 162 ) (-270 -322 30 ) (-216 -322 30 ) (-216 -322 162 ) 
4 308 312 (-270 -258 30 ) (-270 -322 30 ) (-270 -322 162 ) (-270 -258 162 ) 
4 309 310 (-30 -334 162 ) (-30 -334 32 ) (0 -334 32 ) (0 -334 162 ) 
4 309 311 (-30 -322 162 ) (-30 -322 32 ) (-30 -334 32 ) (-30 -334 162 ) 
4 310 340 (0 -1024 30 ) (0 -1024 162 ) (-30 -1024 162 ) (-30 -1024 30 ) 
4 310 314 (0 -1024 30 ) (-30 -1024 30 ) (-30 -334 30 ) (0 -334 30 ) 
4 310 311 (-30 -334 30 ) (-30 -1024 30 ) (-30 -1024 162 ) (-30 -334 162 ) 
4 311 340 (-30 -1024 162 ) (-270 -1024 162 ) (-270 -1024 30 ) (-30 -1024 30 ) 
4 311 330 (-30 -1024 30 ) (-214 -1024 30 ) (-214 -322 30 ) (-30 -322 30 ) 
4 311 331 (-214 -1024 30 ) (-270 -1024 30 ) (-270 -322 30 ) (-214 -322 30 ) 
4 311 312 (-270 -322 30 ) (-270 -1024 30 ) (-270 -1024 162 ) (-270 -322 162 ) 
4 312 340 (-270 -1024 162 ) (-1024 -1024 162 ) (-1024 -1024 30 ) (-270 -1024 30 ) 
4 312 336 (-1024 -1024 30 ) (-1024 -1024 162 ) (-1024 0 162 ) (-1024 0 30 ) 
4 312 331 (-270 -1024 30 ) (-1024 -1024 30 ) (-1024 -256 30 ) (-270 -256 30 ) 
4 312 329 (-1024 -256 30 ) (-1024 -240 30 ) (-270 -240 30 ) (-270 -256 30 ) 
4 312 328 (-1024 -240 30 ) (-1024 0 30 ) (-270 0 30 ) (-270 -240 30 ) 
4 313 332 (-30 0 0 ) (0 0 0 ) (0 -224 0 ) (-30 -224 0 ) 
4 313 327 (-30 0 0 ) (-30 -240 0 ) (-30 -240 24 ) (-30 0 24 ) 
4 314 340 (0 -1024 24 ) (0 -1024 30 ) (-30 -1024 30 ) (-30 -1024 24 ) 
4 314 330 (-30 -1024 24 ) (-30 -1024 30 ) (-30 -333 30 ) (-30 -333 24 ) 
4 314 316 (0 -1024 24 ) (-30 -1024 24 ) (-30 -346 24 ) (0 -346 24 ) 
4 315 330 (-30 -332 24 ) (-30 -320 24 ) (-30 -320 22 ) (-30 -332 22 ) 
4 315 317 (-30 -332 22 ) (-30 -320 22 ) (0 -320 22 ) (0 -332 22 ) 
4 316 340 (0 -1024 22 ) (0 -1024 24 ) (-30 -1024 24 ) (-30 -1024 22 ) 
4 316 330 (-30 -1024 22 ) (-30 -1024 24 ) (-30 -346 24 ) (-30 -346 22 ) 
4 316 318 (-30 -1024 22 ) (-30 -346 22 ) (0 -346 22 ) (0 -1024 22 ) 
4 317 330 (-30 -332 22 ) (-30 -320 22 ) (-30 -320 16 ) (-30 -332 16 ) 
4 317 319 (-30 -332 16 ) (-30 -320 16 ) (0 -320 16 ) (0 -332 16 ) 
4 318 340 (0 -1024 16 ) (0 -1024 22 ) (-30 -1024 22 ) (-30 -1024 16 ) 
4 318 330 (-30 -1024 16 ) (-30 -1024 22 ) (-30 -345 22 ) (-30 -345 16 ) 
4 318 320 (0 -1024 16 ) (-30 -1024 16 ) (-30 -358 16 ) (0 -358 16 ) 
4 319 330 (-30 -344 16 ) (-30 -320 16 ) (-30 -320 14 ) (-30 -344 14 ) 
4 319 321 (-30 -344 14 ) (-30 -320 14 ) (0 -320 14 ) (0 -344 14 ) 
4 320 340 (0 -1024 14 ) (0 -1024 16 ) (-30 -1024 16 ) (-30 -1024 14 ) 
4 320 330 (-30 -1024 14 ) (-30 -1024 16 ) (-30 -358 16 ) (-30 -358 14 ) 
4 320 322 (0 -1024 14 ) (-30 -1024 14 ) (-30 -358 14 ) (0 -358 14 ) 
4 321 330 (-30 -344 14 ) (-30 -320 14 ) (-30 -320 8 ) (-30 -344 8 ) 
4 321 323 (-30 -344 8 ) (-30 -320 8 ) (0 -320 8 ) (0 -344 8 ) 
4 322 340 (0 -1024 8 ) (0 -1024 14 ) (-30 -1024 14 ) (-30 -1024 8 ) 
4 322 330 (-30 -1024 8 ) (-30 -1024 14 ) (-30 -357 14 ) (-30 -357 8 ) 
4 322 324 (-30 -1024 8 ) (-30 -370 8 ) (0 -370 8 ) (0 -1024 8 ) 
4 323 330 (-30 -356 8 ) (-30 -320 8 ) (-30 -320 6 ) (-30 -356 6 ) 
4 323 325 (-30 -356 6 ) (-30 -320 6 ) (0 -320 6 ) (0 -356 6 ) 
4 324 340 (0 -1024 6 ) (0 -1024 8 ) (-30 -1024 8 ) (-30 -1024 6 ) 
4 324 330 (-30 -1024 6 ) (-30 -1024 8 ) (-30 -370 8 ) (-30 -370 6 ) 
4 324 326 (0 -1024 6 ) (-30 -1024 6 ) (-30 -370 6 ) (0 -370 6 ) 
4 325 330 (-30 -320 0 ) (-30 -356 0 ) (-30 -356 6 ) (-30 -320 6 ) 
4 326 340 (0 -1024 0 ) (0 -1024 6 ) (-30 -1024 6 ) (-30 -1024 0 ) 
4 326 330 (-30 -369 0 ) (-30 -1024 0 ) (-30 -1024 6 ) (-30 -369 6 ) 
4 327 332 (-225 0 0 ) (-30 0 0 ) (-30 -224 0 ) (-225 -224 0 ) 
4 328 336 (-1024 -240 30 ) (-1024 0 30 ) (-1024 0 0 ) (-1024 -240 0 ) 
4 328 329 (-1024 -240 0 ) (-270 -240 0 ) (-270 -240 30 ) (-1024 -240 30 ) 
4 329 336 (-1024 -256 30 ) (-1024 -240 30 ) (-1024 -240 0 ) (-1024 -256 0 ) 
4 329 331 (-1024 -256 0 ) (-270 -256 0 ) (-270 -256 30 ) (-1024 -256 30 ) 
4 330 340 (-30 -1024 30 ) (-214 -1024 30 ) (-214 -1024 0 ) (-30 -1024 0 ) 
4 330 331 (-214 -320 0 ) (-214 -1024 0 ) (-214 -1024 30 ) (-214 -320 30 ) 
4 331 340 (-214 -1024 30 ) (-1024 -1024 30 ) (-1024 -1024 0 ) (-214 -1024 0 ) 
4 331 336 (-1024 -1024 0 ) (-1024 -1024 30 ) (-1024 -256 30 ) (-1024 -256 0 ) 
4 332 333 (-225 -224 -64 ) (-225 0 -64 ) (0 0 -64 ) (0 -224 -64 ) 
4 333 340 (0 -1024 -1515 ) (0 -1024 -64 ) (-1024 -1024 -64 ) (-1024 -1024 -1515 ) 
4 333 339 (-1024 -1024 -1515 ) (-1024 -1024 -64 ) (-1024 0 -64 ) (-1024 0 -1515 ) 
4 334 342 (-2048 -1024 832 ) (-2048 -1024 2582 ) (-2048 0 2582 ) (-2048 0 832 ) 
4 334 341 (-1024 -1024 832 ) (-1024 -1024 2582 ) (-2048 -1024 2582 ) (-2048 -1024 832 ) 
4 334 335 (-2048 0 832 ) (-1526 0 832 ) (-1526 -1024 832 ) (-2048 -1024 832 ) 
4 335 342 (-2048 -1024 768 ) (-2048 -1024 832 ) (-2048 0 832 ) (-2048 0 768 ) 
4 335 341 (-1526 -1024 832 ) (-2048 -1024 832 ) (-2048 -1024 768 ) (-1526 -1024 768 ) 
4 335 337 (-1590 -1024 768 ) (-2048 -1024 768 ) (-2048 0 768 ) (-1590 0 768 ) 
4 336 341 (-1024 -1024 0 ) (-1024 -1024 768 ) (-1526 -1024 768 ) (-1526 -1024 0 ) 
4 337 342 (-2048 -1024 0 ) (-2048 -1024 768 ) (-2048 0 768 ) (-2048 0 0 ) 
4 337 341 (-1590 -1024 768 ) (-2048 -1024 768 ) (-2048 -1024 0 ) (-1590 -1024 0 ) 
4 337 338 (-2048 0 0 ) (-1590 0 0 ) (-1590 -1024 0 ) (-2048 -1024 0 ) 
4 338 342 (-2048 -1024 -64 ) (-2048 -1024 0 ) (-2048 0 0 ) (-2048 0 -64 ) 
4 338 341 (-1536 -1024 0 ) (-2048 -1024 0 ) (-2048 -1024 -64 ) (-1536 -1024 -64 ) 
4 338 339 (-1536 -1024 -64 ) (-2048 -1024 -64 ) (-2048 0 -64 ) (-1536 0 -64 ) 
4 339 342 (-2048 -1024 -1515 ) (-2048 -1024 -64 ) (-2048 0 -64 ) (-2048 0 -1515 ) 
4 339 341 (-1024 -1024 -1515 ) (-1024 -1024 -64 ) (-2048 -1024 -64 ) (-2048 -1024 -1515 ) 
4 340 344 (0 -2048 -1515 ) (0 -2048 2582 ) (-1024 -2048 2582 ) (-1024 -2048 -1515 ) 
4 340 341 (-1024 -1024 2582 ) (-1024 -1024 -1515 ) (-1024 -2048 -1515 ) (-1024 -2048 2582 ) 
4 341 345 (-1024 -2048 -1515 ) (-1024 -2048 2582 ) (-2048 -2048 2582 ) (-2048 -2048 -1515 ) 
4 341 343 (-2048 -2048 -1515 ) (-2048 -2048 2582 ) (-2048 -1024 2582 ) (-2048 -1024 -1515 ) 
4 342 343 (-2048 -1024 -1515 ) (-2048 -1024 2582 ) (-2783 -1024 2582 ) (-2783 -1024 -1515 ) 
4 343 346 (-2048 -2048 -1515 ) (-2048 -2048 2582 ) (-2783 -2048 2582 ) (-2783 -2048 -1515 ) 
4 344 345 (-1024 -2048 2582 ) (-1024 -2048 -1515 ) (-1024 -2201 -1515 ) (-1024 -2201 2582 ) 
4 345 346 (-2048 -2048 2582 ) (-2048 -2048 -1515 ) (-2048 -2201 -1515 ) (-2048 -2201 2582 ) 
